4 99 105 183 213
3 98 220 288
3 97 163 241
2 96 223
2 95 227
2 94 197
4 93 109 155 279
3 92 171 258
3 91 150 254
3 90 123 240
2 89 196
3 88 132 202
3 87 148 273
3 86 106 255
2 85 207
2 84 127
4 83 184 253 296
3 82 166 180
3 81 149 238
3 80 200 295
3 79 153 251
4 78 159 263 291
4 77 134 176 261
3 76 138 243
2 75 248
5 74 172 193 230 284
3 73 187 228
4 72 137 211 256
3 71 165 214
3 70 179 262
3 69 162 275
3 68 246 297
3 67 192 265
5 66 102 168 222 226
3 65 164 247
3 64 107 205
2 63 204
2 62 170
3 61 151 294
2 60 156
2 59 244
3 58 146 264
3 57 139 219
4 56 108 167 252
4 55 120 178 285
2 54 209
5 53 100 111 267 298
4 52 113 199 216
4 51 115 128 190
2 50 185
3 49 195 268
2 48 206
3 47 147 203
3 46 104 221
4 45 117 160 266
3 44 125 236
2 43 217
3 42 182 250
4 41 131 270 282
4 40 145 231 257
2 39 177
3 38 112 292
2 37 161
2 36 154
3 35 174 293
4 34 110 158 245
2 33 271
3 32 157 234
3 31 126 286
4 30 130 173 242
5 29 129 191 225 281
3 28 133 237
2 27 181
3 26 119 283
2 25 201
3 24 101 232
3 23 136 224
3 22 114 277
3 21 186 249
3 20 142 260
4 19 175 210 289
2 18 152
4 17 103 189 290
2 16 208
3 15 188 272
3 14 169 215
2 13 212
2 12 259
2 11 218
2 10 235
3 9 116 239
4 8 124 198 299
5 7 118 144 229 280
2 6 141
3 5 143 269
4 4 122 135 276
3 3 121 287
3 2 140 278
3 1 194 274
2 0 233