46 8671 6530 663 967 9322 990 2006 2333 2011 3064 447 4479 8419 6629 2042 4005 2870 9192 6454 4515 9928 8096 9107 3103 1034 2678 9102 4853 8054 2240 5293 9617 3231 5451 1468 6334 1586 4269 5793 568 4959 2196 9441 7037 1327 5038
46 3729 7319 1460 5426 8687 7210 2811 1375 4078 3017 9 4972 9706 5944 8061 1279 458 8914 5933 1479 3161 7105 7961 1063 8828 8270 8473 9472 6586 5851 3124 7528 8258 7700 1811 8991 9182 5876 4357 1072 3075 2877 500 5704 5311 4983
44 5670 4370 1694 7409 5189 2750 7100 9698 5583 2003 2554 2923 4332 7963 1284 9079 1013 4016 6667 4270 1676 593 9740 5491 7542 681 654 3069 131 3669 4788 3152 9679 9873 1726 6098 2613 1846 5824 4768 2764 9428 3564 7234
44 6755 5941 3556 9957 8174 5799 2715 9064 916 5913 8298 4393 9582 8798 1555 8978 8372 774 4526 670 7220 4253 4681 7110 6187 357 7199 7569 4611 7724 1703 2981 3213 7632 5999 5162 8856 6458 5552 5903 5475 1801 203 3326
44 370 423 155 3226 9218 8830 7846 3083 8196 4577 2277 6804 3850 3479 9900 5337 4996 8958 521 4301 3132 3159 5082 8273 4667 3396 7127 5215 552 493 6465 8794 3974 6168 2541 6431 511 7427 2747 7372 682 9397 2148 2327
45 3248 7747 9542 9724 6847 3815 6622 5968 2690 2880 2964 5499 4781 3895 2338 6597 6081 5203 4015 3718 4144 7178 1834 3342 6607 4828 8250 7460 6135 4669 3188 1894 9712 7634 1474 9025 117 1317 1197 8228 4474 1256 5523 4086 5477
44 1379 9967 9780 8716 4797 8233 7130 2039 9032 4993 3872 4489 12 737 7186 921 1231 2639 5079 367 8499 8833 6587 3194 3117 5330 3201 3429 4516 5515 7024 5064 8215 3309 2616 7776 9685 5522 9682 9763 6528 6482 8255 4157
43 5186 940 6066 4529 2947 5628 8287 8383 7779 880 3214 468 7692 8529 4782 5474 5239 3852 9373 8724 3130 8752 6639 6898 8956 6421 410 2468 8146 2621 8952 508 1565 8780 4068 4195 3091 5708 4908 899 4159 5236 5259
45 9435 5246 5399 5880 9636 6385 5568 1521 3210 8251 1156 1810 3002 4992 6058 8435 9184 824 2242 6457 1818 1027 3632 7212 2934 976 3710 1705 4103 4237 4210 6310 6916 3246 8169 6525 7921 2228 4945 7040 8212 3234 3178 3587 7047
44 6119 1591 4426 1114 6163 4509 8934 760 3917 5135 6982 7513 2794 7078 9670 4899 6656 1478 9600 7509 4970 8850 3187 1731 4704 1576 795 91 9036 3145 6615 7716 2372 1508 179 9465 5283 1987 9062 3093 9358 4334 1014 2046
44 5961 906 4731 9460 3509 9727 4919 2104 7656 3857 335 999 8710 7539 5994 7020 7909 6841 8955 8665 7529 745 7185 699 6846 1129 667 1563 8793 2863 4169 267 9359 4382 3155 2367 8847 7743 6920 7605 6888 5307 3900 105
41 9615 2213 3726 6686 467 2359 8386 4276 9033 9453 3848 6861 3744 4209 6986 1553 8094 8130 545 6237 7505 959 5335 7419 2822 9528 8747 8400 4915 9120 3647 6715 4551 4787 266 2587 3100 8221 229 3499 1930
45 7329 4194 1117 2980 6212 3897 8573 4172 2280 3949 394 6450 6551 108 9759 1574 1377 9479 2225 764 4115 6094 826 9278 9454 3616 8059 1664 7782 4657 9018 2377 3828 8545 1033 6218 7401 1164 3583 4746 4850 6235 4867 5631 5134
42 5071 4930 1823 9547 7283 1399 5607 524 4514 6426 8773 6699 2024 1516 9069 6514 854 9614 1159 9983 6701 7263 8112 6548 2813 8101 7133 981 6188 4719 8015 3959 8127 2484 6394 3961 9786 6346 6559 8806 9601 617
48 6896 3787 8817 1137 4502 5192 8102 6865 1411 2416 128 5572 3196 1907 4457 9324 2556 3875 2688 1681 5736 7368 4924 3394 1861 9558 1021 2691 9300 1692 1948 3649 9019 7993 8283 4911 8959 9752 858 6876 1153 5718 1040 3734 4536 2167 2354 9642
45 572 3183 2895 4271 1441 4396 6704 6697 4200 9888 5591 413 5781 694 4094 5681 8460 6240 8135 2185 330 9170 847 9777 5728 6073 16 3408 3379 5310 1589 1166 2809 5658 7262 6138 678 6354 7420 5097 8433 34 8676 5048 343
44 6264 4229 2336 7148 8814 923 2133 4362 9420 6383 8803 7660 426 2073 7462 4539 816 2906 516 8779 2491 5992 7458 328 8792 2984 2099 466 3395 6646 1374 2271 6039 886 6657 290 5574 8405 5729 2732 3480 384 8870 2498
45 9099 1105 1183 6485 3830 7706 814 7244 9121 1404 1291 2987 3722 550 5715 563 8489 714 7708 6381 314 4771 3634 505 912 8897 2454 7840 4473 4192 643 4825 65 9289 1975 6869 5526 8493 1453 7303 9764 2052 169 4619 559
47 6074 2215 3692 6378 9072 6569 7954 2476 9519 5737 2576 9674 8121 7926 5123 4816 3741 1157 7970 6478 6993 7815 5585 2530 5326 368 7687 8551 5114 4590 800 5194 342 3602 4627 3643 9625 3454 5360 7739 6349 4865 3559 7028 5182 8907 265
47 5850 2013 1147 3727 7030 300 2817 4969 7873 4505 960 9200 9494 9771 7924 269 9818 9134 4548 5644 8832 937 842 193 8565 7592 3702 7025 2998 2626 8456 5227 4512 3335 481 3932 6043 5801 2180 5092 9628 1538 9718 1152 3548 9349 4541
47 1247 2386 9518 3869 3062 4943 6931 1076 3346 3849 9051 2111 3355 6519 2707 1211 9186 5749 3856 6234 3353 5407 4486 5125 3565 6891 4594 6922 8742 7651 6285 905 6278 6724 4694 1661 277 5174 6067 3303 2779 896 9468 9647 5879 6867 535
44 5440 8404 6143 3366 4087 206 4714 7775 4799 3434 8901 7014 70 8408 4588 1355 7586 6742 5807 5185 107 3894 1066 5893 7737 4532 5549 8028 5087 9052 9451 31 6777 9117 881 6164 7836 4433 6995 7566 82 5009 950 9432
43 2836 175 9663 1916 7617 6228 6577 9208 248 6731 8988 5403 4531 4262 4469 398 1960 4987 2757 7713 5524 4170 2803 7388 4202 8611 4547 8340 4613 4707 2730 9726 3604 3926 3836 7614 2694 9878 4155 4345 8415 6674 6416
44 4372 6436 1227 3060 8403 5684 740 8536 1738 1620 9001 479 2253 1396 2985 4568 6494 1757 4051 393 1526 7236 7613 9997 9618 9725 3898 8226 2028 6648 5570 8862 5989 7547 4190 3993 7500 3242 5318 5759 8323 9794 2571 768
43 3099 9175 3141 8697 2760 7051 5132 4151 8626 3041 1953 9291 7606 8983 992 5739 624 3908 5920 9452 8957 4063 2727 4034 9484 8944 4773 8896 2632 544 2285 6202 2770 3162 3924 2076 256 709 7435 4279 2247 1701 4540
46 9835 539 9132 9466 9996 4831 1887 5826 993 5026 7266 9268 4842 7579 9521 5483 1612 3475 6720 4948 4455 7785 2970 5044 2685 8201 4913 4216 5977 7816 1216 4327 775 6254 1898 7786 5338 6722 4953 3654 6096 2355 592 3027 4428 4847
44 3778 7383 1794 583 1170 6393 2891 9165 2417 8271 299 1140 9365 5344 1729 9845 2933 476 6858 2453 98 3232 8256 8733 132 5600 6817 4014 3855 7752 2249 8261 8014 3128 7340 2275 7139 1790 7915 1122 5049 4808 3167 9160
44 852 3190 7431 9307 7224 8922 3821 311 3021 2586 8218 6747 6244 5837 3687 353 1798 1081 1918 5640 4964 3774 9577 6051 9337 6515 1101 7142 7751 2525 2086 9537 215 5942 1603 4390 6464 3997 892 642 8307 3289 900 149
46 696 5193 710 4242 6379 3490 8053 8388 7624 9239 1546 1219 2940 8409 4629 2340 2788 4687 120 3221 9924 9910 4918 3307 2752 9022 3497 5069 1711 1831 213 7928 1487 7163 5637 8051 2540 7109 3560 8822 587 7456 5668 835 514 5152
46 9199 5840 7254 6371 2824 8366 1635 2199 537 1030 5265 9550 4045 8605 8941 4638 4766 8253 9739 3540 6090 1743 9770 8097 143 32 6968 6806 1615 9921 7164 7553 6076 778 5388 3076 4098 2990 5401 6248 7447 6223 2292 9696 3883 6736
45 1248 933 651 4258 7762 4007 6093 4026 6117 8874 1873 9719 8331 53 8884 3320 6037 8500 2064 7937 1972 9828 3385 8869 6845 5057 8042 5698 1425 1653 9973 6152 4956 5493 5142 8753 488 4836 6126 9330 3514 5255 6928 5859 3486
46 9502 8079 9987 165 8624 7953 1695 8009 4274 6496 7146 6814 6181 2244 9886 6162 7522 2314 1981 2231 2165 5469 9504 308 2295 1483 8962 312 6208 3719 7855 6882 1877 5219 6259 3403 1927 4406 8167 3127 2972 9195 7856 8289 1929 30
47 8521 5502 9000 1541 8324 6789 5754 9011 8507 3599 9704 443 8564 4851 4963 8133 5726 6214 8949 4533 436 8719 7396 1943 7886 234 348 4620 9237 725 4058 2303 2957 8769 6909 7580 4708 1278 9650 3506 6802 5022 515 2429 6001 3511 9992
46 4622 565 574 6398 6233 3797 5376 5352 6316 9543 8431 7291 4931 6144 9964 5580 1568 9631 2604 7453 6293 9194 2127 259 1133 6324 6698 2284 4167 2258 6880 7755 6369 3006 8475 9379 3918 1512 5205 2001 7466 6166 8445 4654 2536 6475
46 8552 926 6402 3742 7911 1125 3131 5256 8126 6899 2958 9059 2718 9788 7158 6320 2089 9448 6411 6012 8999 7108 4692 9585 7099 758 9914 6595 8965 9345 5629 736 9008 2207 1830 5614 7530 8954 1311 2581 5465 4322 3777 6274 1074 4863
42 9689 5207 6761 2116 3203 1048 3701 1422 8560 6830 2447 9035 874 360 5261 1971 5814 6060 1940 5288 7597 4775 5136 1412 9589 8530 9370 3023 7801 5506 6566 6969 7795 3703 1658 5206 1015 7102 4597 3807 907 5846
45 7902 1010 89 2686 2404 6583 5353 8232 2470 5833 7378 1054 8731 3578 7862 851 6321 625 8176 4254 7239 1511 3822 5496 1621 6114 2458 292 8967 1177 1043 8717 5925 7749 6708 8080 2260 2392 5688 5163 6241 5213 1403 6338 472
44 9607 4821 1026 7694 7554 2070 8429 6142 702 4811 8696 5594 5773 3464 2272 7710 2402 1006 2461 3758 585 580 2996 6099 8864 8384 1654 5235 2489 8200 209 8335 6835 8578 6556 9557 6112 5766 6663 3504 2672 7003 2529 4388
46 5986 5650 96 5467 4299 4575 9741 6790 945 2308 9380 7046 2847 5643 3581 8343 982 6123 9246 5615 5789 4770 4995 9145 5068 8049 2306 7913 879 2131 9299 11 3134 3684 542 7088 297 7013 2973 1784 2838 2254 6509 5240 3698 7741
46 6470 1249 9407 4442 5445 1583 2717 9463 7355 7600 3119 1304 4858 8205 9205 3887 2074 5418 8276 5945 4862 2762 9493 1828 2310 2433 3384 4700 6610 9321 7333 6801 5950 8491 5109 1998 2067 8024 7922 6459 6339 3660 4031 8202 1123 6585
46 1533 3838 7066 7780 3884 4381 7446 8075 2979 5716 4951 5438 7967 3522 210 4255 7936 4668 1000 1214 838 9511 2659 8544 3297 4227 936 7817 3251 7796 3334 9926 4347 3146 9211 9713 5768 276 4116 6521 4146 9626 1826 5912 1736 2758
42 7771 1381 6985 8900 1590 2449 4398 3129 2155 9461 1319 3003 755 6077 4205 4713 5329 5871 2955 3985 3754 7395 8084 7933 661 5603 9870 473 6827 99 2568 6065 9467 5868 8265 5940 2265 1095 5462 4802 4215 3859
44 2650 336 4376 470 5155 2456 1245 2969 7896 5960 7200 2959 1281 41 361 2683 3098 2544 9935 7121 7379 9111 3426 4070 8512 548 6333 5919 2634 7738 2720 1964 9538 6689 633 8688 4574 2261 8592 2349 9326 9581 2192 5706
46 9855 1982 9686 9978 5685 2911 7354 4135 49 2857 8720 435 610 2412 1165 2083 1608 8294 9097 3792 8541 2071 6950 2504 9837 3382 7906 1038 2749 3052 6281 9793 5667 5534 2033 3474 6884 176 3447 561 6820 432 5997 2342 61 5756
45 2048 346 6057 280 5443 4307 3562 1634 8224 2443 861 1028 6787 4679 1515 7477 1944 6033 7010 8012 7213 9799 3904 4985 2096 6647 1662 2419 8163 9429 2705 244 6199 9705 931 313 7560 5145 9812 4628 7506 4709 9825 2466 73
44 9128 6893 9366 1455 1625 2550 8617 1148 339 2411 7778 5531 5748 9338 3377 8804 9450 6141 7308 3284 5175 9879 2343 9792 2409 4859 249 3333 1773 8211 3298 1536 600 8588 4218 172 608 6844 9073 3390 4443 9140 9641 5237
45 7278 4017 418 4326 7270 8599 5000 7538 8021 8674 1229 8936 4705 5978 4351 4716 9096 7338 4986 4564 2861 5617 1421 6045 109 9805 8229 9646 7742 8829 3436 3611 9279 4890 9497 3525 8596 2948 2219 8646 5128 291 7324 3980 6947
44 6071 9948 9386 9954 7203 3794 8526 1372 6579 9798 706 5745 8542 3407 6826 8463 6998 2014 6040 9344 1745 1337 873 2710 8487 9998 9083 5753 4079 2712 7977 5370 233 4456 6723 9849 3878 222 2887 9894 1914 2510 4101 3543
42 5034 1091 5633 9269 6438 4196 787 6048 1393 4360 9808 5223 6545 3121 1003 5156 9758 5231 3001 9611 9508 3618 5970 7156 5126 166 377 7247 302 1065 3886 8424 4721 1789 759 5802 686 9661 5363 5151 878 321
47 5429 4981 2516 4198 6261 2919 78 747 376 8029 2638 427 5157 4076 4402 366 8721 9041 4413 6703 5621 2161 5233 637 7931 4387 3638 2982 6776 5184 4524 8886 8651 180 590 5738 4937 6134 9139 793 8071 8825 5422 9476 2656 6783 4873
48 4130 8363 2431 6972 2741 6473 9213 7827 2198 6897 6655 6923 246 1905 9123 3082 9374 3415 5772 5321 258 3153 8550 6775 5918 2535 9852 9061 3453 4419 8639 6355 8940 2029 9342 6557 9933 9779 5818 471 5595 1075 6621 8990 2026 7390 1297 8969
44 6492 5439 7411 2434 7093 1318 8106 8584 7197 1601 422 9717 7011 1482 2774 5357 3476 4460 2191 5198 1368 828 727 5298 2594 6766 1209 5883 7391 8882 4126 1639 7195 925 973 2526 3494 9153 1458 5588 7994 8284 9470 4893
42 2492 1610 2176 2128 2478 1 1495 3094 4631 6263 5284 196 4742 1434 7972 4452 7607 9923 9667 4698 1883 4009 9620 316 7879 3842 4282 2274 2315 6031 713 8008 8728 9251 3841 3991 7790 8244 8702 4498 2122 1644
44 3050 6167 101 2636 9969 8805 732 7251 9203 7055 9002 1934 359 9690 3325 2841 247 3034 2007 1109 3688 4966 4033 1112 4610 7261 55 5272 6070 3749 7770 2518 2557 5733 408 8348 8426 133 8666 7478 1819 3907 9317 8577
42 4495 3339 87 5065 3012 7235 7067 570 9391 7452 358 2 8452 7732 9517 434 2978 1222 8906 9498 8511 4566 8627 3760 1326 4855 7172 609 2441 2123 2951 431 6447 6650 6799 3657 6877 6570 6104 4178 1924 9624
46 3793 7756 2421 4889 3681 7974 5346 9381 4375 6102 7360 3065 527 4175 2561 1537 2766 7611 7346 5463 6375 3835 4839 5428 8247 2725 8240 9409 6467 6860 141 9669 4286 9043 2896 2700 2140 9474 1270 4608 4869 5402 2059 6733 1064 1623
45 8107 4656 8505 5598 7297 4287 9005 3534 8180 8976 9115 3871 4876 7223 6022 7893 6251 9622 2206 5153 50 347 3956 484 7298 1876 5839 8342 6183 5803 7828 4812 8450 7157 8249 783 2018 6273 3500 5392 7646 9425 5546 1897 6542
46 4162 5472 863 3757 3019 243 1342 6994 9548 8362 4880 8374 7138 5599 4213 1668 2000 5078 6643 6092 5538 4521 3673 2777 9599 5106 2173 915 6571 8297 4203 957 1203 4289 7205 7182 2879 5295 4318 7695 4378 9318 9980 8462 4435 5550
45 9040 1413 261 8288 6695 2324 4075 4661 5983 2649 7943 6563 2241 3228 7481 9174 6210 3677 3311 4403 3743 8845 185 5741 9703 7366 2164 6620 9214 821 7018 1500 2162 4895 7228 156 2390 1090 1445 9942 1549 4261 8749 8123 4879
46 8100 9155 9681 790 9274 437 7844 3025 4118 6124 3585 8477 8394 9869 338 8647 9478 7469 6914 1042 1418 9173 5630 5820 3818 6453 8159 9095 3 9232 5655 4795 6213 7670 3612 4083 47 9541 3672 1472 8960 5433 6410 4110 1968 4553
44 7258 7715 9288 7154 5497 2664 3812 517 8575 3404 1447 194 1199 4602 5696 199 2845 2132 363 5085 9403 983 4176 8039 8498 3336 8479 4186 7225 5626 7576 1287 9258 9183 3225 6611 7515 7149 2884 647 7721 2105 4664 918
45 975 8234 2106 399 4298 2150 7899 819 6796 8043 8497 2854 4220 7763 3469 891 7323 3882 2542 895 914 8569 8193 6245 1354 7847 3254 3963 4291 9993 15 1626 1339 8937 525 253 9673 4892 1262 3552 1111 9078 703 6169 8026
46 5798 1360 6365 2090 3276 3224 1073 3243 3594 1809 5091 6010 894 2194 4761 8003 2790 4934 8993 2084 6675 1059 8032 7947 6540 345 9532 5486 7793 4267 2108 8078 3487 5990 7054 4861 7356 5665 7091 2976 145 5605 5421 8913 7934 1224
45 3545 6630 9223 6121 5300 8844 6401 4637 2773 1836 7574 9257 6311 4182 7523 5480 6590 504 1632 7007 962 8669 721 6364 7305 7070 503 9066 9108 1945 7031 6352 2517 812 2222 8145 3788 8528 3527 9596 5094 3975 4275 8663 9306
44 7830 2578 2088 4060 8230 8077 9193 5609 7765 7498 2652 6392 1371 8220 1139 3275 2849 2787 2022 9716 1609 6296 5679 3686 2776 7604 1198 8670 1685 5874 7581 4805 1493 3589 1449 4445 698 523 697 9575 6461 1547 1642 64
44 7725 7389 4424 5442 8681 6035 3533 6406 1031 3491 4994 136 419 4738 4641 9204 1888 3547 4581 7331 2702 2077 8162 4235 3364 2509 4856 576 7053 4268 8214 7277 8269 5765 7176 3771 8668 3227 6363 4315 1714 3055 3691 8033
46 7135 2405 7499 779 4522 3452 4465 8293 4980 2082 20 6300 9693 2532 5409 1315 1851 3694 6016 4042 4666 5973 3748 1781 8863 4342 4461 2676 3058 7249 8161 5959 8259 6055 6988 4511 6403 3784 9058 2380 1969 1839 7294 152 5332 9747
47 9004 8254 8590 6390 421 8787 3273 6108 3435 3440 5025 8532 7679 9856 5104 4248 6046 6797 5444 114 8579 2784 1192 5616 8604 7116 2435 1466 5936 8317 5216 2798 3891 3715 3063 7347 829 371 3332 8023 5518 7501 6444 9995 9745 794 577
45 1954 2499 6260 8425 240 7766 996 9071 7952 731 4466 6409 3573 6582 1606 4573 2771 3051 636 7141 6337 7252 7764 7009 3720 1825 7649 201 869 9789 2892 307 2942 6857 4256 6184 5934 3421 6516 5811 4391 1309 9912 6343 2360
47 630 7813 1523 6498 2296 6813 449 1759 4225 6294 8274 7583 6727 4754 8911 720 6080 4339 5757 7374 6735 6641 5632 4041 9363 8370 3253 9044 1087 2008 356 3375 9890 6536 4927 7211 8729 260 4440 8583 7082 7189 8144 3530 8948 7731 601
46 9189 6719 2925 7165 4820 303 4212 2585 3714 7669 116 7083 8010 2647 5280 3437 9094 7991 8559 2214 1035 2708 1572 9526 489 3912 5447 9070 683 1993 4758 8785 154 1225 9922 7096 1070 5782 8548 7162 9054 8470 5287 2658 5377 2607
43 4733 1461 6158 6295 3139 5333 2290 9968 6064 8867 3173 798 1193 7745 1829 2081 9546 9285 8972 6811 8132 8349 6900 6974 1347 1019 526 1141 897 7418 6976 6400 6977 9490 4352 8531 8977 1796 8187 5127 3202 6692 656
46 6644 8375 2307 1435 8767 9135 3261 3031 8943 8171 1290 3765 4181 5886 9050 2345 2035 7269 6567 2178 1022 3488 6113 8488 9393 7507 4640 2030 9248 6471 1967 9586 5902 3045 1023 6739 8280 4520 5543 1134 1841 6592 8494 4266 5601 9637
45 7479 631 6186 8925 6109 595 1631 3503 5103 4871 6003 4785 4635 1158 2058 4603 3264 4906 6357 5296 1017 63 6462 4335 5414 3721 8602 354 2829 9864 170 6298 6784 5230 7854 7960 9357 5101 3940 7697 238 7444 6934 1525 4140
44 9829 6751 1312 390 4585 4928 5835 640 3067 6151 2580 8041 2197 284 7129 6743 2850 7668 9201 424 3073 5821 4689 2709 6013 4660 8381 6749 2297 9507 3262 5066 7672 3631 7609 8222 9593 8861 1476 7371 2291 9936 7321 4878
42 4818 4476 5947 5314 7534 635 4872 3834 9017 3296 167 4736 4755 597 9803 8726 8620 2916 581 741 2904 979 3163 8840 8513 9941 5050 3755 2670 9141 4921 4677 5636 2281 8027 6759 6175 9761 9329 6432 6510 4028
45 9068 7068 7973 5455 6883 227 7675 3028 7784 2865 743 2477 6230 980 7979 2761 4883 4823 189 4935 7 2885 2157 138 9731 5365 2362 4273 970 1180 9594 1171 1463 3417 9813 6726 7966 9576 6793 4411 6936 4902 2789 9109 5527
44 232 2175 67 3451 8423 1077 4909 2974 9887 9253 6277 275 9281 3386 1567 3664 44 4179 4059 4323 5847 6297 7405 9400 4905 8570 3873 9464 567 5946 1600 4226 4752 1473 5473 401 1919 2546 3467 2200 1673 7633 6960 3768
45 534 134 1345 7727 8266 9106 7000 7238 575 2625 8802 5247 7677 3442 8520 9867 6075 1228 4900 3111 6200 1949 1269 2963 8002 9897 8360 6025 5046 8438 5648 9854 6664 6756 7039 9220 791 8158 6959 3968 7465 9424 4600 9265 2130
43 85 3164 1886 4672 7543 1392 3880 8909 5470 9768 6767 6290 977 1816 4596 293 7352 8812 4154 9301 3645 8329 997 2912 2019 5810 9520 5305 2394 888 588 8339 9606 9084 4032 6864 3653 4621 2080 221 6600 2121 415
48 5003 8011 5148 1629 4400 5244 1775 4784 6373 3546 1707 5620 8257 8616 1741 7181 130 4358 6009 5308 9743 3176 2643 1366 2611 4877 4891 4645 9167 6286 7655 1624 2252 9055 8644 6194 9216 1357 8811 1044 2495 7059 9563 2488 6466 7304 2875 2049