12 3017 2480 2402 1741 186 2662 2222 1540 3815 955 3533 4753
13 5507 823 3205 2393 1967 3392 3072 2351 2367 3506 3852 251 2271
12 4154 2240 3731 2710 877 2965 2860 2723 3980 436 535 4972
16 5282 1902 4798 1779 215 2037 3262 682 1856 2028 1895 3175 1645 4416 4741 5504
15 8346 4558 2776 1631 1862 508 1428 731 870 1361 1571 2822 2914 4542 5248
15 1218 5344 2921 2863 1394 2148 2728 2029 1360 3100 3996 2592 4018 3892 3588
15 3991 5182 2126 4195 3694 887 2712 888 1076 2725 944 2583 3860 1293 5460
13 9805 3789 348 374 193 4114 714 1682 3296 652 1576 4311 1547
13 4665 3833 454 3182 2144 2485 340 1754 2472 265 1408 82 5149
12 6003 3721 2966 3570 527 999 2282 605 2131 1812 2806 3975
16 825 3663 5263 629 1429 1791 4293 3292 363 1400 2446 1419 3095 1961 2609 3458
16 41 529 3775 2115 2874 3295 3174 103 2582 2255 3954 3734 4149 1614 4047 5798
8 4507 3970 3621 3450 2 2504 512 2445
9 4836 2048 1073 996 1610 191 4161 301 4820
12 8784 1222 2831 1412 4147 2935 684 2619 3728 13 4732 5363
13 5887 2930 3203 4105 3278 2861 1057 27 570 1442 913 86 1701
9 5205 4228 1256 3675 408 1029 217 1092 1284
6 4717 1897 2533 3810 3923 4650
14 482 4593 649 342 2370 2632 1965 3006 3303 3941 1295 1865 5046 5333
12 4867 1884 3102 4819 3905 1770 220 2226 3733 1077 4295 778
14 4815 3636 2076 546 4617 2693 2396 3650 673 2823 4237 2170 1454 5048
7 5025 4826 4344 2477 808 918 2887
18 9869 4615 4331 883 319 1328 239 2414 3568 1033 7 3769 2339 314 4189 3042 3093 1805
14 6202 3493 2543 1179 4221 1513 1094 503 2705 960 3927 3681 1570 437
8 8207 300 3434 777 2501 2099 2302 4931
8 2690 2781 4497 3867 1104 1876 1468 2430
7 332 2732 886 524 1396 1027 2849
6 364 678 289 3441 4961 3528
13 9030 5107 1443 4828 3231 680 581 1505 3183 3219 4216 2679 431
3 2718 450 2862
14 8309 2178 2368 1338 880 405 2197 3158 2638 1517 1739 4054 2019 5362
12 248 4914 2857 847 2281 3574 78 556 2466 3516 4222 807
14 3541 4953 2011 4971 1688 1761 2700 1237 2699 1103 3684 4005 4488 1318
7 8198 475 91 294 3086 2494 89
8 5425 1496 3364 934 272 4329 3109 1923
15 6450 3818 993 3930 1561 3154 812 2283 706 746 4179 1064 2408 3812 626
9 9636 1422 384 3630 1385 2249 4188 2423 3134
10 9543 5012 2802 4089 1470 4263 3222 3237 3074 2265
15 7631 5240 2406 1799 1461 216 260 1446 520 1732 3599 783 2277 4688 5029
11 3786 3879 2160 97 1891 1842 3178 2342 1280 4427 5078
17 8440 2033 1494 458 2804 2722 1387 2358 253 505 1927 307 1120 1288 1287 1951 4277
7 2539 4658 3122 1589 586 26 180
15 720 1667 2585 3439 1008 2248 1592 4043 2003 2328 3577 3037 410 4357 2516
13 150 1910 751 2394 396 1051 1695 2871 1285 107 8 790 4945
15 2566 1281 578 2373 1435 3397 1025 2317 3563 2865 4254 4554 4908 5224 5244
17 3821 4957 3784 3785 3790 3610 3661 453 3551 1265 2416 1127 4051 3520 4747 4803 5718
13 2782 2696 2320 5033 2052 4248 1781 201 2334 2579 804 4052 20
5 4848 4250 141 175 1159
8 7975 2731 5347 1004 1464 1818 1806 2620
7 1970 4913 310 827 1544 2286 2134
17 2495 2551 178 2234 3772 689 1130 1145 1782 1996 291 3642 1801 4102 1350 1191 1652
5 7372 3949 1302 2907 492
10 7248 4807 4664 30 1715 1668 3013 124 2050 2310
8 1177 907 876 1960 639 3052 1316 2331
9 3129 1381 1065 971 3899 4176 1141 4982 3097
8 1208 3948 1108 3943 3180 4620 4905 5157
8 9011 2997 3435 244 1785 1990 2998 811
7 3188 1181 514 2122 776 2644 3560
13 5540 2217 843 1710 1368 3877 1976 1780 2379 1594 729 4691 2897
15 4421 4555 120 3258 865 893 1308 173 3061 2202 3071 844 3522 2926 5726
15 5748 1106 1474 2343 255 1402 3241 155 2542 925 3771 4118 2730 4697 1705
15 7648 2999 952 3754 2498 2837 2340 2834 114 588 33 3626 3310 4790 5275
15 1010 1079 380 4328 1639 936 4093 1796 2284 1214 2953 1759 2593 4918 4955
4 2074 2505 1504 1844
15 2198 4088 709 659 3421 3075 3550 1275 3351 227 2419 165 1991 4448 1931
5 5636 2060 4643 2706 1376
11 3510 4450 3710 991 361 2012 2800 446 4210 4518 1204
8 4630 4520 4340 764 4108 4364 4737 2544
12 9845 2613 4477 3735 3186 1357 539 2454 1437 4030 4275 4042
11 8224 2745 3624 2513 1702 693 2590 2803 1483 246 111
17 5771 3370 1746 2388 544 395 67 2017 803 2183 858 2481 4032 2421 1472 4156 2208
14 3068 3057 5124 4944 924 3902 1493 1119 1205 1481 1043 1115 4904 1569
9 1564 2927 646 3393 3946 3498 3070 3341 411
10 8902 4544 5291 353 3509 3573 3159 2678 1244 3705
17 9012 2250 4482 1250 397 1709 3470 3352 525 904 860 2604 4251 2821 2200 5035 2755
10 697 3783 1215 1859 3085 3127 3404 1956 3670 1359
10 6192 5234 4744 819 1132 347 3206 648 1473 5202
14 3947 4705 2954 3584 4121 257 2646 3344 1172 3837 9 4702 3069 3857
12 3354 4990 3895 2910 2945 2213 1125 1789 2146 937 3780 4606
12 5295 4756 130 3135 2756 3682 2895 1713 1868 1966 796 5179
12 7379 4355 863 2087 1941 2371 3485 36 3884 4240 3719 472
14 2147 2937 2209 1820 4072 134 2433 2763 3653 2435 2458 3871 329 5144
15 1869 100 2482 2661 1985 4206 1748 2051 2563 3161 1270 1893 2287 5110 5456
12 8462 4064 4639 382 857 3416 1690 2215 2097 1162 1354 2669
15 8786 2686 3338 4398 1264 3121 4075 1953 3455 3001 995 197 669 1087 5407
15 3396 5428 4227 509 2607 2154 4044 1050 223 3452 3582 2070 4169 3255 4987
13 7638 3036 531 2527 1531 2769 434 2204 3361 903 44 2562 1545
13 2455 4153 3082 3940 938 1720 2947 2236 1238 2460 762 3012 5410
15 6951 4652 3215 2164 947 3977 537 2996 1409 1648 522 822 2786 2090 3850
7 493 1245 2304 930 2515 2346 3094
12 6208 2667 1188 724 3053 1035 1890 75 642 3486 3388 3535
10 8573 3906 1263 3729 3141 2301 3945 2152 4729 4926
16 442 4704 4384 3133 833 3308 692 2109 149 1932 2027 2932 2083 3189 4097 4239
18 4794 3398 2919 821 1790 196 3009 261 3511 3136 2149 1462 3804 4271 540 2623 794 4725
3 5983 2943 1304
13 9255 2207 4872 1603 4343 3139 154 1596 1151 3209 351 756 566
16 2401 5187 775 2842 2040 3963 274 473 1933 1621 179 413 3254 1726 4392 3848
7 3779 3502 5351 3524 2315 1037 641
3 1524 617 1880
14 6200 252 4584 953 1307 1291 1654 71 1795 1809 4484 3858 1055 4374
8 9469 4376 2404 23 2365 4095 1599 4823
12 209 4024 1942 1282 2670 171 3214 548 49 4230 1909 4978
11 3368 4613 159 1725 2374 2835 518 1597 3389 3198 1018
3 6410 4940 2053
9 2681 378 1023 72 140 3106 1619 4626 4145
15 9965 984 691 3843 2057 3714 2364 1535 551 3521 2759 4378 234 3712 675
11 5996 3116 2473 1297 2082 3449 2237 1554 1549 4172 2814
11 6669 5088 2809 4244 3635 851 1131 3084 2094 702 3620
15 206 2981 4247 2444 1649 2093 3353 2858 3707 3916 4081 4178 4474 758 4133
15 245 2992 4207 177 1459 3269 3606 3150 1622 1358 1737 3820 4132 948 3185
12 7546 2741 403 4327 1048 2417 894 1672 604 1708 2798 2448
12 5954 3530 3851 1283 2567 2085 2890 460 148 598 2172 4338
15 9282 4920 2900 772 189 890 4096 232 1286 2267 3144 416 2251 1180 4241
12 4624 4107 3345 636 3593 293 1068 2894 651 3922 900 4500
9 4661 313 2924 2292 1598 202 282 806 3088
15 1121 208 1081 1016 3846 3399 125 654 87 14 3422 1312 3781 4057 3408
13 8328 3414 4017 3305 2309 3293 1670 1397 79 3872 3128 4363 2922
3 7406 3542 2591
13 2642 1453 106 897 1203 1317 1501 786 2088 3548 4129 4272 4509
15 9602 1201 1647 5352 118 285 3847 3234 1477 160 2469 2588 3702 3390 5122
14 8574 4291 1511 461 3157 2241 592 619 132 3649 2629 4458 298 1418
14 7314 4016 5287 4858 612 1337 1918 2688 2575 407 3832 4041 4284 2698
9 9316 2470 1745 4838 2995 1133 4261 1826 5010
7 6804 4493 2314 2412 2974 1301 2300
17 5089 381 5036 1182 459 2548 2960 183 2499 781 466 3744 452 3797 443 2238 2964
15 2626 1272 2323 5267 3952 463 4159 2808 3689 1486 571 3678 1213 4678 1009
13 3910 1430 1968 542 3039 594 1375 1156 2624 1467 2843 1699 4319
8 1002 2121 3700 1811 3526 2136 2836 4701
13 457 595 3909 2909 1420 1624 2721 1666 404 1445 3890 4457 5117
8 530 3616 4372 5371 22 712 1341 5549
10 7347 523 941 1775 885 597 1336 1074 4923 3723
12 2511 4396 921 2395 1896 1348 4062 912 1783 1743 2447 1706
4 3291 3507 1049 766
11 9267 1913 990 550 2580 2892 2269 1742 4192 579 5592
12 2957 1949 2665 379 3436 1416 1370 451 664 705 1837 1633
13 965 152 4063 1943 3271 2561 1750 1155 2369 1379 792 2103 1015
17 8370 4297 1352 2386 2453 1417 2272 2526 3065 1882 905 2650 3639 3488 2298 465 1038
13 4575 2112 3194 254 2366 3377 914 727 717 788 2100 1939 3631
15 7792 3445 5228 2173 1176 3925 279 1999 2102 2428 38 911 316 1677 1510
15 8203 830 2952 4709 2948 1656 2631 2611 2405 3089 143 1158 341 3369 2492
7 4112 1792 4405 949 3225 1405 4735
13 3461 656 3232 1620 3752 1772 801 2010 1036 3306 2707 73 0
15 6875 1634 46 553 1875 695 356 3379 3091 2363 236 3934 4174 4492 5454
9 1421 1143 1395 2120 123 1398 2993 2337 398
14 8548 856 942 2884 1391 929 3474 2844 2876 3023 486 1983 1001 3313
11 6741 3739 4792 2977 77 1469 43 1744 4175 2289 4281
15 4635 5054 5409 4270 3673 2089 2218 1310 545 1836 3081 891 2474 3224 4968
9 1697 3938 1369 1257 3044 3924 2959 2486 4316
9 9503 2639 3701 494 4528 496 3853 5148 5435
14 6159 935 4139 2075 280 2740 3233 2685 2295 653 1608 2812 1680 1579
13 7224 4782 4503 5008 2034 90 534 471 884 3878 2886 3304 4844
13 5517 3842 4629 40 3316 2244 3508 270 1044 1665 4354 1898 327
19 6168 3875 4318 1355 2979 462 1752 2882 1870 2793 983 2666 1556 3814 3415 2013 4402 4731 4977
9 661 507 4595 2260 3505 2829 2713 2268 1000
14 513 4481 2652 352 3799 10 909 2016 2378 3096 3179 1234 4460 685
11 9495 4007 3482 2790 3751 2990 1717 1957 3736 1356 4779
9 3176 3270 1529 2931 750 51 2946 828 5065
5 7117 3585 4003 3760 814
15 9412 1755 2105 4724 2174 3079 3753 129 1373 1730 3515 4165 4567 1718 5555
10 3976 3200 4035 4123 872 2038 1093 1207 4348 2840
13 3024 596 1465 1365 1168 4895 3854 3645 3699 748 3217 3301 2709
7 4084 376 1246 2413 4229 2329 590
9 1778 1638 1975 2392 2746 4146 4267 4841 5142
10 8447 32 292 3098 3648 1922 1578 455 4783 5286
2 8967 1974
10 2523 233 3277 3472 2223 308 4310 1602 1082 5606
14 5710 3554 4050 559 2602 4113 1448 366 742 628 1520 1184 4182 4556
15 892 950 92 3227 2397 3959 2068 1053 1650 3059 988 3020 3002 1581 3591
10 7585 3614 11 2824 2968 1112 3140 4324 4755 5415
3 7428 476 185
16 4200 2497 1102 896 115 599 2141 3625 2190 973 1401 2168 1426 3003 637 2007
18 3572 3475 2187 1523 1480 3761 543 3251 1314 1920 2354 681 167 834 1149 3819 4660 1562
14 2293 1508 4938 1846 1096 2228 2850 3330 2826 3033 3683 4061 2210 3111
11 2742 3615 102 39 561 2308 1687 3713 3801 1935 4473
3 499 3031 2493
18 4455 2651 4930 1211 1872 3765 3999 2956 1901 2389 2980 2091 2792 4023 927 4393 3863 5312
11 2422 3051 3190 1160 2264 4002 800 1140 3777 1247 5476
13 3891 3319 4830 969 1255 928 3130 359 2155 3668 1374 3298 4993
15 8715 3915 161 4397 3432 2137 2805 2254 1432 2347 932 3983 3113 430 638
14 8979 35 4880 2675 2065 1392 3767 2832 3431 3711 1600 4442 343 557
5 8277 266 1146 304 725
11 7677 4115 1886 4070 1322 3260 2598 4463 4861 1210 4292
19 3424 1500 3220 5375 2558 1117 3425 194 1832 3413 3004 3153 2929 2830 4265 4383 3172 4817 231
15 3849 4869 3958 1436 3155 1568 3463 2153 2189 3152 2911 393 2096 926 3679
17 4170 3083 2570 3433 2640 1330 3967 1767 1236 1262 1498 1577 1161 2827 4162 1841 5098
13 2915 3740 3124 2415 1787 3323 2004 264 2372 4142 3378 3928 5068
13 5698 1627 1349 4834 3782 2596 3235 577 574 3177 3273 2564 4390
15 9306 1723 4409 1346 2648 1424 122 1450 288 2674 3118 479 440 1052 2410
17 8713 2333 5156 3669 2043 2383 688 2719 735 1434 1440 3822 4077 1278 3687 4886 5443
16 2520 2425 3680 4021 4274 163 3267 510 3553 1906 2111 2795 1173 131 4447 3903
13 1100 3966 4786 5045 1193 2468 2694 2431 262 1808 2064 2940 424
19 315 119 3565 2754 3169 1259 582 2443 2294 2587 337 2692 2046 3274 3787 4462 679 391 5459
13 2106 2382 5453 388 575 3395 2381 1829 3634 2925 3571 840 4716
15 5112 1994 977 2434 2362 2290 1393 3443 2400 1786 1678 1107 1185 1903 791
11 8566 4245 1768 1271 2063 2854 385 1163 1548 3497 1998
16 3160 3066 4101 4749 826 1947 2438 1031 694 2500 1623 2194 2689 4287 962 5817
14 3384 2036 2041 657 3622 2875 65 3137 333 487 2918 362 1536 4983
4 8323 3885 1324 1817
13 7846 3537 708 2565 3757 2078 1154 3487 2868 229 4456 1137 5225
18 5744 780 354 64 3974 2206 4211 2535 2299 528 765 1070 68 3275 3637 4614 5024 5647
21 9544 2245 922 3477 2385 2095 1930 4209 1217 1026 1839 1950 2195 3600 2970 4226 2554 4424 757 170 247
12 7451 1206 1475 1041 964 1925 237 1928 2349 16 2880 4901
16 9974 435 3420 5158 3646 5031 862 1861 1123 589 3318 3456 1954 1479 3500 3724
16 945 318 4703 5366 2556 387 2021 1058 2552 226 2002 182 1662 4303 4768 5788
18 400 1684 4585 66 156 5009 275 501 866 958 1719 2687 2081 2750 3834 4116 4273 6
11 9685 2973 1977 4371 2407 4012 771 1351 344 2872 3367
2 2736 3660
9 7104 2717 1189 37 3266 1171 2672 1936 1022
8 5572 4065 2156 3145 250 1413 389 2411
13 4437 2056 2852 2110 1012 3595 1371 3503 1362 2734 2193 4501 5044
12 6752 98 1046 1583 2547 1840 4009 663 3142 3018 2071 2853
4 7575 4330 4181 2839
19 2791 448 992 4713 1062 516 3597 2452 1266 1502 162 3019 3268 480 3950 1802 70 321 5408
9 4537 3193 3691 195 339 631 3942 4517 1306
17 2512 168 1 4326 3829 4104 3115 1988 1463 80 2158 1091 1366 3644 2224 4631 2540
12 2899 951 4806 169 3802 105 2541 2545 2671 4367 4922 2724
16 2436 3375 2409 1152 3623 4046 133 1411 621 931 3658 3806 2764 1514 4719 4991
14 8021 211 4163 576 1604 2030 1971 721 3348 3745 4193 1148 5037 5545
14 2026 3795 572 3904 2023 4224 283 855 1673 1661 555 4183 4422 2677
5 5990 135 1399 2231 4808
7 3654 4888 1404 1021 4315 3611 4432
13 7952 8055 6004 95 4048 536 2214 3355 1157 3889 1195 4446 5072
19 5424 9626 3245 7889 5510 5466 3403 1997 267 1762 2360 3859 1946 2768 478 3363 345 2361 4419
6 3578 2577 243 1533 784 3824
19 3555 3333 7287 2079 2426 4502 3191 2799 881 3394 4249 2129 3283 3419 1764 2503 60 1751 4795
21 117 4877 7320 1852 200 1240 2235 4602 5050 3839 2568 1800 2715 1740 723 2891 2962 4022 749 5150 2273
20 8703 9046 6849 6851 4255 1601 3778 3261 1981 670 1235 2789 3195 3332 346 228 1552 4122 635 2618
9 4948 4109 3594 5212 3465 3499 4014 3776 2528
8 9140 8484 3640 5393 4196 3263 2573 2350
13 5769 2324 4583 7116 2928 1363 1580 982 552 1738 4045 4347 1855
18 3444 7687 1372 8459 3773 483 3054 5082 3531 281 320 3256 110 2069 1231 296 2502 5505
15 9325 567 8425 4885 7357 7779 2291 3484 2150 2553 418 1225 3080 4600 5127
7 6831 3276 1773 7804 2439 3343 2032
20 273 3410 1407 7891 9320 1550 2825 1331 4441 1532 2086 2042 1383 1827 813 3171 879 3349 2864 1254
12 8758 8382 867 2375 2390 3123 859 104 703 2617 2427 835
17 768 9691 3050 2464 4099 715 2766 2319 4073 50 3519 3545 2775 1128 2219 4375 4911
21 9679 1815 3697 6404 7129 864 128 2132 4485 3290 4278 799 151 2684 798 2182 3897 2161 4197 1230 795
13 8950 7329 7927 655 2856 3047 2751 1681 3164 3662 427 3836 1823
20 9409 8509 3540 8848 9078 498 3921 5043 1595 1166 4087 686 139 2778 3598 1940 4203 4700 1019 5547
7 5300 6662 7325 1541 3898 4671 2203
23 5235 5402 3918 6123 5113 5654 9559 989 3816 1733 4034 711 2898 3454 4128 3567 3360 2258 2080 4212 3126 4726 5047
15 6663 219 6912 210 3672 1914 3489 824 1329 3467 1526 1582 1084 1290 3586
11 8477 7849 2603 6150 9274 417 3936 1857 1497 4286 1088
8 3307 6044 5727 2641 6884 5049 2518 4887
18 1776 2166 5856 6206 4720 241 2673 3901 3007 2341 495 2682 2124 2743 1059 1095 1456 5398
22 7499 7877 394 1637 5491 4223 1489 409 4028 225 1721 2229 2024 2950 701 1423 1268 3302 2318 3612 4140 136
13 3549 2297 3840 3213 2256 1696 63 426 1122 3322 1698 2326 4994
8 8708 3655 9985 5535 4205 4130 2191 4138
14 606 61 8086 1803 761 2636 238 940 632 373 1390 1663 818 3279
15 4071 2828 3147 3605 2645 3894 2955 214 3010 470 829 367 258 3652 4490
8 5717 8458 1192 779 221 383 4332 3589
18 519 489 9698 8149 3311 4164 3073 3325 1521 1292 4085 736 1519 2047 1704 312 4082 3718
14 769 4644 1804 425 2796 618 467 3674 94 878 3272 1938 1892 2845
8 7957 3527 3608 3315 2127 2726 1585 3741
9 6706 9733 7993 8376 4935 1955 782 5091 1711
15 2917 113 1838 6135 6877 3362 485 875 2873 358 1760 1144 2259 3965 5266
5 6381 6269 1170 8158 9459
7 311 1276 1455 3230 1321 2457 3032
8 4758 1724 7435 7198 1973 2984 1989 978
15 1867 2278 6843 666 1873 959 614 1116 2991 2257 2092 299 1683 2610 5030
16 5324 4788 1227 658 9864 601 3798 1198 3356 2344 2420 2889 1607 3604 3703 4049
22 1138 1794 2233 6658 9595 8978 854 4171 444 3228 1774 774 1078 1611 2403 3226 3423 2165 421 3400 994 142
20 4059 3239 6654 3575 6493 8104 3603 3632 1676 1197 4266 740 1034 305 1919 3427 3935 3671 831 263
21 9305 9291 7064 817 2714 3459 6155 718 3807 5169 5014 3216 4055 1538 2655 1858 3920 58 4399 4760 5439
24 3817 585 7293 1784 4387 9191 5541 2031 671 1553 3146 21 2205 1714 547 3738 2733 336 2987 4180 469 2073 4896 5118
13 2883 4586 9405 1406 9768 2975 730 802 3026 908 2846 4033 943
8 1105 7249 3373 2972 484 1822 613 2177
13 5445 9411 2296 3197 7553 368 1644 760 2066 1694 3944 4337 5273
10 4679 7430 2933 3078 309 917 3312 2266 3046 1758
19 7070 7229 2589 6740 4910 2881 4366 4031 987 1612 3077 2478 1444 2801 3357 323 562 4578 2243
17 6815 5245 8435 4299 1460 5120 3770 584 4038 3300 1124 2387 1242 3998 3184 18 5002
23 6901 6900 7186 1438 6199 5060 3601 5214 3557 1845 2045 2220 2893 1590 1525 972 2615 1877 1669 797 4641 4916 3386
9 5934 5902 6502 7948 2621 3931 4531 759 5364
7 203 1686 1241 99 4269 2321 587
10 6277 6321 3366 2549 2870 2628 4401 1522 4553 5449
8 7936 4761 377 1199 2175 2634 2522 3491
22 713 3667 696 5948 2788 3989 1640 3058 1557 4854 674 286 1591 1042 687 3581 2262 2391 2877 662 4564 4811
16 3090 1269 8739 1518 3566 2044 74 1831 2859 2777 3448 468 644 2521 317 3229
10 7861 8728 2738 5743 8792 2605 665 164 660 4027
14 2720 1353 8184 1200 3211 2345 256 198 3132 573 2450 349 4479 5280
10 9514 2941 3321 3181 3517 3192 1881 3698 4191 910
4 8890 2653 269 1825
12 6689 6198 6913 902 2780 1503 3583 4403 3247 3466 4301 2488
17 8731 6424 8029 2838 6756 326 1729 645 1311 4699 137 2437 370 2913 3382 2647 2716
15 1273 6456 8213 8932 2942 2748 2711 5554 69 2212 433 3143 2145 2312 5130
9 8518 5406 6418 6485 5991 2958 4015 3238 3347
21 423 2576 9979 5343 3758 8274 4673 3038 4764 4958 2108 1643 1539 2116 53 1853 205 1659 1728 4079 4723
22 700 9187 9166 4781 7704 1635 9401 8832 839 1685 4541 2702 1431 126 2084 2708 1249 1080 3056 2833 4670 998
16 4742 622 6457 277 284 2663 1700 3469 1771 2139 1253 2263 1703 3955 3641 4769
13 2015 8157 230 1980 2994 34 2701 861 2490 4151 4333 2449 5331
8 2247 3647 643 3407 2353 4418 3335 3480
20 9003 2008 6607 3651 2784 2230 3462 2167 4587 5303 1325 2938 4204 2325 3756 3342 564 1219 2908 4
23 4601 4346 2020 2944 6747 1527 1843 1863 607 2072 1584 4125 1499 3101 963 3076 1894 1798 1788 2594 4040 5051 5512
8 1097 3103 3743 7088 1651 5480 1850 4649
16 3055 8420 3546 789 2335 290 3119 4696 1433 1047 841 850 3365 1542 2491 3656
23 5192 8559 2774 19 9090 5034 9806 3108 1491 4202 85 4300 3981 3986 2532 1618 1056 3768 3882 2643 3041 1642 3880
17 6263 8342 7711 2357 3104 2649 2181 3326 3657 2359 970 335 2668 1793 1636 4540 3929
12 9563 8736 1874 4973 3907 3242 743 158 3726 1849 1641 4751
11 1305 157 6952 3826 5818 6377 3476 869 2697 2280 3994
15 9619 8520 3409 3208 4352 753 1389 490 4060 985 334 2201 3350 3464 1118
20 549 8179 1384 7230 5746 1588 47 2077 4862 967 698 2062 2584 2101 2855 3914 3987 3838 3984 3064
13 4494 8189 1593 3029 608 4863 4659 4006 1889 2307 3742 5111 5438
12 6822 5716 4829 2305 3163 2451 647 1153 3926 4498 3690 4865
5 672 1135 4645 2306 1546
20 5693 6694 1609 9852 5500 615 2338 853 4552 3314 2622 2737 3339 836 3331 25 3730 3964 4157 3478
4 3442 580 3708 4411
12 4090 5304 4098 477 699 5332 871 2462 2483 1334 491 2376
20 7657 8840 6656 1512 3196 271 1054 1186 2654 4871 355 93 1471 184 3244 609 3324 1129 3518 4925
8 7429 4842 5222 9649 8629 3334 1386 2660
18 9084 4066 9402 7082 3092 2934 4410 2171 4775 2765 3391 3376 785 630 3957 1573 2770 1134
19 2735 3371 4687 8557 9452 1674 1267 2261 3732 767 249 1075 3748 2489 2001 526 2879 770 4900
22 9752 541 7640 6780 6529 4546 1090 6053 5090 1835 5433 1364 2104 3282 3016 1945 3387 3243 2067 259 1327 295
16 8878 3426 1101 1309 1692 3997 852 322 1449 2971 1712 1039 145 2703 690 406
13 9847 3149 1563 4875 138 624 1567 1167 1816 3523 101 4412 5003
20 5497 6695 9283 9207 6361 8787 8302 4511 2657 3114 1587 2969 402 1819 1982 1769 2811 1575 1899 1452
7 3607 1664 2429 7709 1113 3202 3045
15 4379 1993 8630 8262 8020 3170 873 1415 3438 1657 882 1303 12 4728 5125
25 9976 4637 5381 3168 3236 1630 9128 1689 3866 199 3544 2140 1232 4119 4989 2179 2332 744 2739 2239 603 1506 3492 4506 1887
8 2465 2384 1797 2018 3280 3250 3417 2773
12 9913 9874 2035 4236 1911 2633 2978 1388 207 1380 623 4242
23 9707 4894 8395 9935 4414 8449 9556 1830 3666 4666 4356 1045 1810 3992 517 1072 1671 1243 532 2098 4459 4451 2322
7 9504 2600 3383 3552 4199 3791 1139
20 9393 2559 6724 7156 4428 842 9087 4833 3317 1233 4686 3418 716 4068 2159 116 3374 981 755 31
24 9313 9799 741 9020 554 5027 7864 6329 1024 8892 2896 5135 4636 3811 2506 3212 676 752 1916 1258 3252 4545 5270 5854
12 9256 6536 1944 3340 1854 2757 2487 1085 176 2847 4883 5390
3 8773 3490 1555
13 8640 7862 7637 2810 121 350 732 3437 1017 2476 1484 1427 4522
15 8310 3855 8204 1883 4693 6924 481 419 497 2059 81 2534 754 916 3709
20 8292 9216 2327 1228 7210 3430 640 3993 1441 2128 1466 3556 1921 2749 1183 3087 3590 650 371 3405
10 8175 2061 7716 1937 747 1367 1147 2221 5055 1646
20 7965 7561 5615 2123 4194 2783 3453 1864 1248 793 357 728 1382 2285 2380 3587 2878 488 4563 1439
15 7956 4495 4873 7108 2982 83 515 28 569 3695 4067 2767 4548 5190 5631
17 7928 6961 8675 8965 5069 276 3628 968 2517 3401 1347 2574 3676 2656 4785 5253 5543
11 7475 2316 5341 3692 2531 8783 7398 9996 6455 1986 3539
6 7463 4307 297 7227 2192 3576
19 7399 3564 2424 3579 8209 2963 7768 1260 4404 1169 4776 3210 2923 2279 2199 3385 2779 3633 4530
10 7270 3830 2841 4314 3011 2903 96 558 3063 2550
4 7109 4080 1716 2758
8 7013 1777 1298 3440 3766 390 3715 4339
23 7005 4214 1414 9473 5487 3865 8040 3411 1693 1487 369 2025 2151 1534 414 213 2936 838 1126 3868 4305 4296 3749
15 6783 222 2912 1866 6745 933 2054 3592 112 733 2398 441 1821 429 4408
10 6670 29 6189 5875 2143 9627 306 2039 4813 5198
13 6466 9888 3988 8578 2216 3501 1277 1572 2816 3187 1848 360 4680
20 6412 3030 6139 9406 2006 2118 1326 2180 1537 2906 1924 1071 3473 3446 2524 2569 3309 2529 602 56
11 6403 1221 1069 4111 1756 2762 1289 1766 1987 3265 3543
4 6252 502 1679 1339
5 6031 8835 1299 3845 1626
23 6002 5086 4143 445 4208 9246 5369 6765 1252 4605 4966 5070 1934 3428 3406 1187 2232 3297 1279 4126 3264 4996 3021
20 5970 7040 734 1879 7612 9052 8426 1995 2537 895 704 3609 1979 2601 3534 1136 815 3151 1691 3861
15 5868 3457 5881 5227 5808 1984 8774 9385 4020 3746 2467 1061 1083 2456 4320
21 5440 1040 4536 7114 8586 5189 4980 3022 2119 3099 2989 2125 1516 2186 45 3479 2005 3287 4341 4771 5293
16 5335 6916 961 5649 7373 3285 889 242 2560 1451 625 2188 3917 2113 4778 2848
13 5299 920 3471 4056 1194 6164 611 1239 4213 2612 2729 2348 773
12 5137 5017 2599 1345 1229 591 1616 848 3725 3864 432 710
18 5018 4855 7141 6794 9463 4184 1908 330 3468 2107 2557 338 2461 2988 2572 62 3166 204
23 4839 4058 4475 1860 1251 565 849 1509 3532 1220 4117 3561 3547 3201 1342 2785 787 1032 3048 1086 2683 4752 5311
21 4525 5860 6541 8489 2536 1734 1142 2440 2787 3451 4969 2630 399 386 997 3613 1763 3040 2905 2606 3665
20 4435 2507 3294 7180 4648 6307 975 57 4137 4986 3759 4965 3328 17 1566 668 868 1333 4000 4361
13 4377 9449 6255 979 3722 2595 3299 42 1632 3246 2888 3327 3559
15 4309 8329 5598 6767 3596 6110 9851 1030 8351 1628 1319 3447 1878 4083 3028
12 4094 4618 2869 9121 5422 2022 915 3982 2253 1958 4757 144
18 4078 8102 5358 5721 956 506 633 2275 1912 3173 2851 3747 3320 966 3792 2794 4350 5339
11 4008 7913 6327 2901 3536 2772 1917 3716 3835 4288 1488
22 3869 55 583 8271 5218 5213 6558 6068 6296 1655 4246 2771 560 2270 538 2614 1834 809 1885 2162 3525 3827
11 3696 9631 816 1964 738 2496 504 3844 3035 4570 3043
7 3629 8962 7468 1476 4257 4220 5399
8 3580 8024 7346 3513 1340 420 3481 2951
11 3253 3693 3951 5307 2352 1613 4588 1707 4445 4759 4091
14 3156 24 1528 8698 1447 9347 5359 4349 2967 2000 4607 1098 1067 2761
25 2949 6115 1978 8587 190 3148 9137 3329 9813 5377 146 2578 4415 4167 3494 2274 2555 1615 3720 3460 401 4504 906 3110 4750
8 2920 6807 1888 6160 8227 4074 4695 2509
12 2695 7799 7810 9920 1959 2442 1565 2866 1606 302 3218 5354
11 2581 3105 634 745 1196 1174 2637 3995 1060 3107 737
9 2571 9675 2418 2867 1202 1969 4185 2227 616
8 2519 7929 9901 3049 3358 1110 1063 1478
14 2432 7401 268 4260 328 7355 2680 1011 287 919 3911 845 4568 4013
16 2356 8406 8290 4233 846 4657 2377 2525 1871 3221 600 2484 1028 1482 901 4510
16 2135 1833 5161 3249 739 2538 6786 6879 3862 2820 1675 3800 4010 4308 2138 4160
16 2009 9581 7188 3005 109 7471 6735 1904 4656 3793 4623 76 1814 1224 1851 923
12 1992 1735 9820 5387 4706 1625 1223 511 986 2288 3412 4936
21 1900 1005 7318 7140 1492 4959 8073 533 422 2753 1458 15 683 2142 331 2616 1274 2747 1403 2608 5011
21 1757 4150 4882 9670 3257 1530 3512 4285 2355 3685 2479 3 1629 3000 2752 2727 1507 3978 1014 3688 5264
15 1560 3138 1111 5241 3896 2760 1905 3359 2336 1807 3131 3932 1617 3762 4766
15 1543 6228 726 874 2399 2916 3117 1660 3750 1753 1749 3060 1915 1658 4465
14 1515 3281 7911 7020 9666 439 3602 1175 415 3165 2184 1747 278 2939
12 1335 372 6633 5858 5006 1313 2635 4011 1296 1377 392 2818
20 1315 5885 610 1332 5237 6239 3199 832 127 2330 4086 1736 974 5 324 810 108 2185 4909 1226
14 1209 375 6039 1963 456 2242 1765 593 3960 1952 188 3284 3664 5538
13 1178 9744 4019 4106 1926 500 1457 2510 2807 1495 4434 4683 5077
15 1066 563 5285 1907 3027 2303 1574 3558 3162 2985 667 4425 4577 5119 3402
20 837 957 3008 1323 8699 212 3972 3062 4879 3496 153 449 1485 2471 1099 3240 2114 4134 4640 5499
11 719 8254 946 1824 1828 2514 620 3727 2252 1586 5175
7 677 8670 4141 1007 1490 4252 805
15 568 6965 4984 7512 4467 4400 1727 1164 3337 2014 899 1425 3014 1962 2627
15 474 6649 2313 7455 1605 3990 6304 3381 2246 1089 3248 1731 2961 4951 5269
16 303 9523 3025 5971 8711 3112 235 2546 1165 2676 2475 3823 2976 4298 1972 707
10 187 9550 9890 2885 3874 4317 3223 4672 2441 3346
10 88 3167 2986 2176 2797 3764 3956 3627 3677 4580
21 84 7119 7028 627 7319 2904 172 4029 2817 4256 3429 52 3372 1320 2311 521 3125 3831 438 4812 4268
23 48 8564 1013 166 3067 5890 428 3717 1294 1109 147 365 412 1551 3336 2459 192 3706 2625 1813 2157 59 2055