1 9307
3 283 6656 6148
21 9177 5577 1391 9734 4106 1033 9345 348 9319 4462 5649 2079 1633 6077 7453 6533 1115 852 3958 2380 5029
20 8489 5191 6451 6653 5484 7141 6863 1884 7051 6349 5743 9146 3309 2072 6887 6141 9576 1404 6513 5255
26 9389 1504 6380 6226 2889 955 7808 6689 9530 8705 4203 1528 2240 6723 8633 6911 9557 6013 5466 427 9894 4680 9071 5717 3570 8909
28 6951 9792 7973 3514 7310 2278 407 1848 812 2128 2127 7293 7145 3221 1989 5785 6560 9342 4407 8241 2054 6435 4339 4685 6843 3375 6216 9600
24 1126 6908 861 5135 1636 6166 4549 904 4596 9611 9897 6383 1343 6070 7113 5872 5232 3527 8567 6002 6932 6074 5418 1651
29 39 2825 4428 2017 6486 4128 7844 2077 8498 2216 9070 268 6949 8662 7211 7594 4485 1500 9198 441 2328 1765 731 1446 5317 2075 3633 3159 3143
24 8976 7838 5905 1280 8279 9609 2300 5479 5056 2700 7098 4711 7169 543 9789 1686 3098 2261 8146 8987 4841 7261 5269 7649
24 933 1988 1044 1796 2010 2015 1536 4525 1225 2596 6957 4558 8188 4783 4681 4905 7246 1801 9829 2969 1399 1235 4871 6246
20 9964 8665 3095 5367 1170 4368 4492 8837 4836 3222 8419 454 3217 2222 9062 4121 5039 5337 7332 7521
16 5327 1908 8335 3839 2092 6728 32 6175 6861 2945 1780 9156 3473 4846 165 827
25 1215 8106 3314 3435 8666 7549 1847 3393 178 557 3477 3786 6968 5799 7479 1649 3564 6645 2764 1107 9605 1331 4877 769 2059
26 199 1045 2946 9309 8332 3646 2220 533 1456 618 8720 1265 7497 2160 4790 4008 5527 6867 47 166 7631 5178 9873 2719 697 63
23 1724 1880 4002 1405 4430 683 6298 3585 2283 8370 4555 8310 5458 3097 5449 8126 6799 4705 2964 4746 6366 8117 9563
24 5964 4375 3975 6206 6780 8371 989 7035 5409 1272 444 1652 1230 1510 7627 1949 712 1086 6659 5677 2976 1958 3710 3173
30 4774 6552 2833 7740 9672 5132 9923 1726 7102 4335 2206 4838 9021 4043 536 9017 2259 3466 8795 2074 640 1209 6929 3601 2848 2999 340 5698 1211 4585
25 5304 7423 6460 8558 9312 635 1654 5989 8429 3475 8397 7821 7600 9819 7595 3649 253 9778 3057 5216 6650 4097 7775 2659 4131
34 7776 1889 9993 7282 1618 9228 1321 4749 125 2759 1054 7888 1673 9659 3891 1845 2639 9337 1101 9142 401 4536 3739 2421 7461 2559 79 426 6573 4890 2781 3530 8009 6588
26 9545 7188 6849 3356 5782 8925 2056 6540 6106 5287 4103 1213 3539 976 6043 935 9333 3626 298 4362 7396 2093 638 497 4954 1323
29 4032 6612 6024 1416 8168 6726 2727 302 325 9534 2246 6967 7373 3566 1992 2277 5663 3523 242 7562 7714 7711 3717 3779 2357 8501 371 5284 2217
22 4243 1799 6145 8137 8254 9547 7081 9587 5212 8491 4787 535 1850 776 5141 5665 7457 2257 4548 7764 7921 845
25 4064 2382 7663 7623 5477 4139 6302 7438 2208 9000 4508 136 8173 8998 9608 7705 6358 5650 3653 9463 5375 696 4963 1596 6172
23 2931 7753 6354 4869 2548 8861 2316 5108 3470 4125 6396 7994 9551 121 5549 9698 8060 5543 282 1503 1367 4690 9837
30 1668 545 4835 8334 9185 1392 6119 8975 1495 3231 9998 6469 3751 5807 9265 9840 3572 1546 6569 5629 8306 7477 882 7214 3645 9349 3038 5470 4821 9418
32 373 7522 3515 8824 322 9833 858 48 6438 9852 183 2695 762 3594 4860 5061 6401 2773 4024 9603 7490 1583 1576 1474 7478 8953 8484 7817 8270 8945 5930 2582
27 3508 4383 1003 2033 1866 4902 4538 595 2307 5431 7070 4770 9026 867 423 8014 3655 9082 2731 8195 8024 953 6217 6974 1791 9770 2084
34 2947 7462 2509 5998 5830 4423 5839 1853 1451 4120 7171 3287 9140 6946 4299 8973 3550 748 9193 5380 4255 1951 7991 7858 4840 1385 7089 9767 6404 8062 7697 6561 7774 1648
30 1519 6715 4163 9720 452 6228 5373 4488 8031 999 4051 2309 8587 8684 8113 9239 3788 3749 4537 9849 8739 3163 2376 2491 2812 4367 1279 5907 7156 24
32 6296 7761 8213 4732 3819 2354 4218 7363 2256 6977 7803 6334 4557 1581 6678 6232 7640 2172 7819 7469 6455 5085 8708 9347 390 8011 145 2371 518 3071 5638 1154
23 4446 893 8794 8008 2948 2465 1418 1553 9959 7853 5646 6384 2319 2628 6259 8863 7274 3561 491 4793 1106 6390 2565
27 9658 290 6268 4679 9815 7863 997 4212 7247 193 6884 2321 1338 8331 5335 8809 9210 8427 8706 6317 2214 6709 990 6397 4592 9383 6955
25 987 8145 2262 8345 5761 3003 7114 7271 1537 5205 4706 9928 6023 8930 1696 2434 8802 4369 4360 8100 3906 5161 7194 6865 4978
40 7163 1839 5146 4577 2243 2078 6999 9855 4906 3121 9655 4382 8807 713 9681 7909 1886 8319 3376 5493 6725 8537 7283 8800 4668 2081 4245 5143 765 8102 7799 8174 3946 581 5633 5586 2959 951 9969 5211
37 2574 1821 3724 8700 2919 4527 363 5121 8330 4728 5420 584 5347 9906 2900 5063 6174 2645 3175 475 5443 6362 9214 9683 381 5464 1591 1201 1729 3789 5203 1455 5019 4927 2627 4197 3758
35 9184 5784 5177 3243 3130 1020 3362 3280 2011 1825 2178 1915 9497 115 3251 8038 8223 611 4033 3820 471 8269 7964 9846 6034 767 9061 7197 8742 2454 6838 1449 9099 6377 5374
30 466 5274 8914 8322 9289 848 8588 1242 9254 70 9575 7355 664 8621 3884 8626 2022 7582 8825 5626 7444 7034 983 859 5386 5937 7731 2716 6496 6065
38 6710 3300 3558 3934 4025 1326 3086 5403 3813 9035 7312 9455 7088 9712 3213 8773 4244 3359 4648 1450 9162 7403 579 9313 9331 5221 2197 5946 7713 7544 6506 2881 8105 2444 6542 5320 7162 6479
27 6727 630 8328 4134 8812 6535 1797 8337 5024 1261 2893 5202 3400 8972 4570 1732 8233 9676 1733 3000 9025 1119 6360 6012 1615 4897 2901
36 4694 2489 7531 5281 3798 4215 2811 8015 3828 3441 7199 9877 6306 1161 303 5957 9709 2118 631 7959 8524 2347 3538 3469 9948 3559 5158 8527 4531 4688 621 2514 6311 1010 3404 3868
18 6304 5125 800 2161 7443 3488 3926 7884 5330 5581 6433 3578 4336 9034 251 9113 3074 5021
25 4788 704 6105 5863 4015 3040 6369 2435 3887 1692 1189 2735 1948 2225 514 3319 1471 5605 1273 7797 1605 7920 8451 5257 8470
31 813 7755 4900 7401 3565 2547 1708 9857 7267 4823 1919 4825 5579 7321 58 7692 623 6376 6758 3125 1623 7573 19 4429 9137 4445 1859 9101 6972 3962 5774
43 167 6099 106 5757 4363 6185 9842 3863 2651 9089 1182 8144 3310 8605 2463 6941 3812 1294 4199 2671 3896 6104 5841 7333 9294 97 2458 1514 5184 3478 2115 3493 5173 7281 8018 9030 3421 7861 6663 6135 124 5823 7414
31 6280 9909 2838 6437 1433 111 9562 2426 5699 4316 2539 7300 1147 895 4855 6100 5971 5648 4740 7591 3046 4202 8016 4686 4899 5271 8664 8071 6116 9225 8637
36 1787 4298 4566 7278 2541 8235 5570 3156 9737 1214 5766 8956 9769 3317 5015 628 2800 3401 2741 938 3004 4010 9016 3394 8380 9639 8075 5981 9813 3752 6431 9100 9555 2956 900 4331
22 6677 8439 158 6985 2429 1854 6994 4642 4454 4684 5096 1444 1914 6398 588 4719 5267 2831 6122 8229 3729 3048
35 5574 5945 1198 1009 9439 8022 2247 5434 8289 3774 5222 1837 3506 7039 9780 741 5405 3174 1244 5727 9196 4164 9465 1523 1116 1129 6040 3141 1957 651 6269 5953 3554 5690 8799
39 4976 5303 3170 8274 8638 431 9883 2552 6364 2373 7811 2122 6954 8691 6187 3390 7130 7075 3211 1114 5731 1977 3109 6712 5150 3880 1955 8161 913 9132 217 2545 7192 3457 5849 4923 946 9941 9932
34 5910 9790 3267 6618 5619 5228 4953 2233 4562 4931 8912 1301 4726 3608 6367 3923 1761 6996 6904 112 4475 4451 5920 5979 8091 5575 6260 8823 2962 4459 1333 2850 4254 9346
29 2135 979 9165 4302 606 9477 8572 6295 2194 425 5861 8476 9260 8318 9087 7108 8135 3073 923 7093 3549 8312 4772 6943 2105 224 2661 6511 694
44 6284 4152 1795 171 9391 6731 4858 5742 7927 3100 4938 991 1228 5497 8686 2235 1353 5540 3657 758 6851 4970 9513 4191 3824 6788 5625 7749 5088 6355 6769 8555 2567 2385 9927 3328 2915 3769 6061 4875 9527 7652 6614 6422
44 5298 3050 6922 8549 6242 8594 1521 5167 9485 5822 3683 4095 9420 6210 5791 1952 7242 4417 8675 3889 6147 9668 7159 9758 9578 4816 3691 9652 695 9201 6324 7604 4228 8516 5215 5918 2441 5372 3202 1001 3529 1778 4964 6627
31 1809 2293 6643 5176 2281 4174 1085 3629 8915 1892 4054 9480 5778 2827 6525 1077 6243 6536 9468 3521 4319 2694 5017 5515 7289 8515 9962 2544 2267 6596 7417
39 6509 9806 3346 6267 5035 7209 7071 8878 9092 2076 5689 3241 3685 5114 4230 1488 7630 8333 9624 9730 2958 2605 786 7311 6733 8635 7252 9301 8836 7524 4664 587 2031 7474 6564 7718 7348 1635 4347
32 477 4400 3702 1961 1283 5126 8368 7028 8741 2728 7432 1934 6829 9411 6338 6837 9598 775 5447 6695 7732 1075 6558 4142 3597 3624 6370 5437 321 1350 8479 7886
24 9236 3044 961 9721 3443 5138 6470 383 5438 710 3961 6880 3338 8275 6840 9167 6602 1017 4907 2063 2990 1928 3021 1445
43 7309 5942 7442 4910 6113 9263 4165 73 8754 9803 2770 1904 9380 7748 5878 9798 8728 4723 3886 2660 524 8198 4499 4649 1394 8473 6372 707 4102 8382 520 876 8690 5009 8747 5615 6408 6916 2712 5928 4707 7947 4789
42 8983 9361 8049 9735 8204 6966 4799 7597 1118 2522 6586 3606 7059 7877 8938 5306 8149 5270 7273 4534 7103 7225 4372 7624 8208 6281 607 3084 3841 1538 7807 5809 7951 448 7837 3468 4345 4235 4364 5644 3952 2436
42 3181 4757 1614 5333 2395 6016 1593 956 6393 36 9990 8642 7661 9376 8499 9917 4818 239 3094 6873 2043 1611 4453 5463 4879 3787 6642 160 1529 2905 10 4468 3426 8554 2505 5276 1916 7470 3808 7272 8385 519
30 3171 4181 5318 2018 8911 5739 9885 3648 7664 6188 5550 1389 223 8908 2753 2108 2445 8480 4035 5495 483 3445 7391 2926 8749 2718 2510 9863 7107 6787
51 4980 3628 534 4754 2365 6871 2186 7519 7769 1612 5706 9494 6205 8581 9619 9851 5369 8904 5133 1680 6820 1899 7939 9218 1933 5913 6811 5122 965 4845 2224 4843 2200 6050 8054 4441 7454 366 6080 5305 6619 2721 3015 9705 6667 7934 8514 341 6480 8753 7134
47 2198 9498 3503 8678 2524 6299 9565 0 2433 8263 8389 685 550 2061 7024 7610 1861 9839 2474 644 5106 8604 5611 6701 8255 539 1763 8495 6777 3915 2816 4932 8101 9472 8905 6501 7101 7019 3727 7970 940 3148 451 6776 4586 7537 9109
47 9696 7006 328 2855 5965 8625 9454 873 6520 1093 6779 8375 5637 3486 7393 2797 8076 926 9954 5821 5749 4665 560 1709 8769 954 4045 6629 8843 8304 4763 5616 5111 329 4721 1470 2691 9148 3796 2189 1672 6332 4775 7568 2494 3748 2980
40 8709 2864 7397 6459 5181 8765 9915 4495 5022 4703 2531 2950 2924 3035 1838 2424 8796 5786 8095 6607 7248 4645 6494 8119 842 8827 8947 6555 2199 5300 7360 4733 5996 1428 6988 5678 6626 1484 1315 977
38 9543 3452 2933 3201 9129 8924 6616 3669 9272 9395 6215 5748 437 1477 1082 2835 2097 7091 2928 686 4565 5803 7072 568 4883 3945 1252 7269 4646 5864 8081 9535 2041 7843 2400 7965 561 6906
37 7427 9814 4260 3104 2550 5008 7394 9797 9930 2963 4529 1210 9115 2126 8828 4630 8316 1671 7407 8253 9979 6582 1172 2842 1879 522 153 8217 9226 6605 1251 5888 6903 2374 3224 5513 1268
27 3363 1788 159 9957 4390 2890 3027 8356 9304 2140 2815 919 8072 1639 184 7561 7824 359 7018 6462 1828 3895 1376 2975 1216 9511 7041
35 8346 3651 3299 8518 5838 9368 3246 1091 2204 8341 5214 6545 461 7003 3621 9944 5099 3969 8748 8449 9539 5589 826 4039 4593 6339 6832 1393 8658 1655 7008 8151 869 2791 7368
50 4753 7794 7448 8286 1037 3150 1890 9484 8701 2166 9678 5058 2096 7896 4550 6559 7703 2083 8988 7409 2028 8862 9127 9029 5701 2520 9996 9290 5652 7564 5248 3088 1565 347 488 5722 9048 8202 8393 374 5359 8522 6818 5231 8916 2291 9645 2587 1868 9604
42 9488 3240 474 9248 6931 4543 3681 336 5881 4034 9754 7723 7679 5671 2642 4231 5446 4545 8486 9270 2955 5768 57 5804 169 3250 4750 4780 285 967 495 5871 3673 9486 4105 6784 3406 1486 8416 9452 6598 5273
31 7662 6425 1250 9937 4942 1243 5759 2409 5105 1121 8602 8260 3825 4988 1023 1698 2390 9050 379 6064 8340 3115 7657 8510 88 4798 3014 2308 3451 3522 3030
34 9321 3233 3025 3991 3476 8872 8910 5508 8894 8413 6291 1774 5594 2432 6079 803 8082 1656 8671 2449 5866 469 3002 8772 2109 714 235 2329 7801 1607 8187 4556 819 4644
43 7937 2191 2353 5448 5705 5229 703 3858 8646 6971 3711 3158 4055 6329 9634 1290 7131 3507 5834 9370 8963 1894 3677 6350 8221 7437 5884 7585 6083 6827 7550 7250 8474 105 4271 5110 2275 2448 2345 3901 8167 7555 9895
39 6197 9246 8835 3598 4717 1417 1558 6005 8697 9590 3242 9407 3090 975 6419 7592 5496 5843 3144 391 2629 4921 3434 5811 1742 2534 1482 920 8276 3869 8116 8866 7133 9746 6373 3843 129 9205 9335
32 660 9561 4878 2874 7219 6102 6815 4250 9241 8462 2868 1898 9172 5053 739 3146 2949 6649 7027 2402 246 3761 6019 5961 7263 1018 9582 730 9774 2789 1551 4635
38 8097 1599 352 5324 8027 7721 7668 792 851 1302 4880 1193 8238 5028 4822 4130 84 2355 7056 3609 4276 8610 6146 9419 6512 3293 4842 7 1202 5719 7734 1790 2618 7730 3355 9991 6038 531
52 6392 6330 5801 3128 2152 7358 5349 3612 3954 2168 6444 8250 8727 6866 6409 7078 925 4292 1643 9090 5533 5404 9116 6581 6993 4511 9552 2348 3463 4109 6521 3639 8226 3485 1090 8600 5995 4729 5091 8112 3842 2211 7152 6654 6041 8305 7900 5042 2804 4771 411 2518
39 1572 1492 5613 3911 7380 61 1590 3462 1049 5999 1448 4636 6566 4221 5315 2525 7390 5012 1872 6531 6609 6893 7400 3622 5720 6450 733 1057 1013 6326 6288 4359 260 2655 7658 6209 1997 8574 7899
36 5919 2648 1364 2442 16 5668 3696 8766 4309 3272 5296 4758 5168 5935 9733 2595 4888 1683 6918 3298 6773 3721 3672 4207 7737 5252 5640 2602 5563 8301 1369 8374 6737 5877 126 7534
41 6950 1066 3903 8613 338 9719 4903 132 8831 9406 2410 6584 7032 7009 1262 2981 700 2872 7196 4656 2110 5816 8563 9401 1757 5469 5623 1534 4755 7665 1372 3948 1834 8247 9285 5593 8582 467 1678 7270 4063
39 3423 9887 6001 1424 1339 9940 2459 7177 4628 4252 9329 5170 5163 5760 6473 2071 5597 8369 4019 1459 6484 9217 2845 3096 8882 8942 7385 2625 7262 2598 8403 9199 7599 6831 293 6517 614 9724 5208
29 2805 2711 8383 1060 5555 4808 9385 1608 4784 375 5360 9781 2937 1679 4785 1360 7243 3771 6915 2568 3552 5123 3615 1803 5172 9866 4708 503 3504
42 4052 7511 7894 4824 7650 6869 6874 8000 8840 465 6233 9363 9771 9689 5309 3631 7830 6178 3303 2342 1052 8926 7184 4129 6343 7476 1806 3255 549 3357 1843 8411 1110 8388 9004 1263 4735 9687 5948 1665 3436 2451
31 4466 846 8492 6778 4458 7449 1007 1248 2909 5906 8296 394 9250 7532 9261 5767 3599 6204 56 3296 7057 9574 7954 3994 1874 9074 6637 3308 5844 8696 7456
30 3153 1691 4660 4327 8324 3582 3331 5520 6912 1229 9482 8350 1507 2549 8578 9830 1710 2726 8674 3768 4041 269 5217 3498 5445 2282 7972 4884 8533 717
43 6229 6488 4794 4088 3501 7929 4917 2141 2212 2137 1681 2101 1282 5857 7201 3528 2738 7660 3777 1307 1207 8760 4533 8189 865 4402 8426 9299 3692 5357 7832 6193 4464 9341 6662 1277 7052 9170 6415 1522 3444 1993 582
34 1141 2378 4581 726 5213 8297 26 3987 2860 2906 9640 3536 3283 8954 8281 1412 7605 5592 1548 1002 8967 9057 4132 3695 6471 7557 1409 7013 386 255 3031 5328 7371 6413
50 9189 9366 7251 747 7253 5151 6753 1794 9831 7375 2608 8463 8506 8541 219 8466 8258 7536 3892 3407 798 8448 7237 3705 7025 9207 3446 1667 5519 6282 8759 7848 7064 1480 9230 8735 7904 1072 4569 6774 1718 7868 4608 7164 9904 8918 3957 8216 202 4329
51 7426 5160 1130 188 2205 3005 5461 4560 1644 8663 62 3479 8454 9898 74 2961 8874 3398 7614 5793 7352 9664 6310 6115 9736 7702 8283 6768 3960 1903 2473 3976 5858 3093 3924 9259 9496 8326 3577 9348 6103 6335 8032 9633 860 4384 5280 1638 4791 7294 9212
46 207 5955 3505 9787 6155 7867 7485 1588 9825 393 6427 5433 1603 6385 594 2725 609 9381 7233 2464 8550 3409 2290 299 324 6045 9726 6839 2665 4663 410 8676 142 8531 2529 9977 809 4959 3734 4872 2487 1136 2213 7153 2623 6575
45 8995 8453 4494 23 6687 4994 6992 2604 7384 130 9884 2767 2323 6211 899 9356 5580 6244 9583 2027 6651 7076 5000 334 116 109 3011 1929 5993 3377 5606 1598 4614 6807 2047 7143 7762 2750 1722 1987 4036 186 3652 8317 8932
51 6423 6021 3632 3247 9791 7552 4227 2394 8417 1160 4273 2331 190 5084 7765 1980 9919 4544 4266 140 1144 4930 1744 6741 3461 998 5642 1 2492 6476 7285 772 438 2871 7535 2180 5607 1162 4000 3483 6751 485 3369 7542 7804 3697 3970 6157 7178 2155 7492
41 9159 9054 2954 1140 2858 1675 8540 780 5423 1462 4739 2024 1994 147 2313 3430 7835 8122 2120 8892 5441 3795 9414 3806 4943 3576 6403 5806 7217 3419 3728 4554 2190 5932 5873 5342 4346 5734 2143 3279 98
52 9049 6845 377 7337 3482 8977 3099 3350 2614 1053 3898 5654 3049 4514 320 4377 3192 3341 2175 4306 2009 5601 8153 4720 8813 8899 4376 7846 831 6483 2006 1819 7212 9630 645 5174 1632 8199 6734 9429 5321 2471 9399 3676 1443 4999 1685 5795 6008 2481 7322 7690
33 8220 3198 8948 9868 8434 8850 1670 3560 4355 7870 9989 2771 7880 8423 6186 6740 6567 3487 5238 4460 9500 8857 5894 600 2165 6544 2837 1567 2792 5923 1335 1814 8136
47 9168 7487 416 665 8120 3064 2304 422 768 1076 2359 5201 4745 3882 7993 6434 4689 7370 4410 6757 6692 9344 9666 4072 5546 5790 3113 5389 5986 4826 9901 2366 9245 8881 9369 1646 8985 7520 7342 399 3239 2203 4026 9064 511 7756 7326
37 1717 4107 8841 4151 229 8293 7910 793 4413 5763 3908 8325 168 5064 5480 5291 9072 3714 3428 6549 2543 346 885 4624 8965 2638 6713 892 3354 4682 7966 7850 2585 7978 9607 6647 4747
32 526 9764 5467 5532 682 6128 1440 8718 9648 2322 9324 194 157 2739 6742 7779 9046 507 1584 3852 6140 104 3689 8852 9903 517 3959 2828 6029 3931 6952 3082
41 3875 6190 8121 7574 9942 910 1148 7191 6374 4476 7980 949 8500 8111 789 6693 7941 2577 9160 4925 6399 4918 9355 1366 4405 4330 6937 5264 6477 5025 5358 5180 814 9065 2533 3938 5729 6235 1946 8964 7460
46 8424 3877 6597 3119 3937 5721 5529 5247 8949 6150 9621 4144 721 9708 5912 4282 6286 2983 2832 4388 1259 9067 5192 7308 6684 9010 2632 2369 2185 449 2697 6962 4654 3433 6604 3999 8656 2688 4939 151 6047 6490 2523 3816 3349 9161
46 6042 2672 8267 9559 5826 3671 3851 1674 2644 5850 5376 141 252 2722 6860 4997 3850 2867 300 8755 4547 4157 9359 9430 9876 6698 3301 8414 1789 4023 5139 122 3413 1019 823 3066 6920 8409 7174 2829 3381 3580 5681 7907 2504 4275
35 1813 3210 7439 563 3126 53 5887 3500 4647 1092 5983 1589 781 8142 639 8490 234 7615 5199 2425 4357 875 847 1324 4744 1041 8951 3135 7602 6222 196 2706 1288 9573 7004
43 3766 4122 498 6864 2305 3306 9073 9382 837 6657 7185 489 675 6212 9495 9044 1622 4519 54 2412 4456 3834 9618 6010 4294 3269 7739 9796 9264 3650 1379 4709 5089 464 3208 8845 7617 9320 5256 8070 3080 9556 4678
30 3831 4049 1824 1468 5771 552 2232 4782 8294 9677 529 9216 3635 9365 6078 9596 1640 5468 7398 5630 6333 6803 1065 6923 7818 6636 18 2751 6325 8110
40 4119 9340 4671 4303 7918 5195 5476 1100 7351 4587 2677 6341 3480 743 4079 230 4929 3545 5951 7906 4882 4873 2019 7809 2967 3054 8338 3754 500 6270 4073 3023 5521 3800 8218 4674 9971 8132 9982 8636
47 3491 8579 9213 9417 40 8130 3396 9752 5066 2701 5990 7488 1344 760 6097 6697 3743 1319 3147 8989 6406 6353 6124 5672 4868 5043 705 4439 3600 1334 7451 6089 3070 6289 2177 5660 3459 6761 8712 8165 6881 6821 5845 7841 5851 9354 7260
48 8858 4830 9688 6595 854 8919 9811 653 3680 9773 4887 5901 1222 250 2794 2158 1882 9457 6300 9949 9436 7038 4638 9690 7473 9728 1960 5162 7388 7682 3700 1840 5755 9426 5236 4609 364 6593 732 1454 6833 7746 9710 9041 3289 7319 9403 9838
45 8078 1271 5846 4507 6463 8052 4436 8699 3391 2358 9963 2279 2375 1342 9107 7981 9280 4669 3344 6530 9047 6953 649 7231 912 1624 4886 9088 7571 7814 8163 8287 821 3688 4150 3848 6660 2501 8880 8228 4962 6898 4977 1363 1766
25 306 565 8655 5382 4833 1647 7672 3553 5737 6111 222 6400 4261 7874 8354 1658 5243 6239 7857 8940 9022 3940 4619 8037 5517
46 3155 9742 5524 5535 553 1983 6655 667 3950 2195 4126 5307 9242 6411 7065 3625 2499 6436 5277 7097 7950 3315 7596 6375 7953 7831 7265 3888 9564 2462 5394 1346 1625 9521 3178 2392 7897 6 652 8981 3760 5491 2306 9444 6842 8351
34 8044 7720 6857 6819 8118 1700 3417 5867 1238 3619 2334 9078 6750 7045 83 5329 8094 8960 5295 8321 840 6886 6109 2383 692 2269 4411 5882 6203 9152 3285 1627 2367 4171
51 7782 9215 7297 7216 8543 227 108 4937 9175 4050 9627 215 3733 2218 8991 5351 6859 9571 3745 7111 1754 1069 3454 2148 5332 2686 2404 4098 1498 2540 8990 2631 2111 3013 7353 4742 5078 2035 2575 4342 6248 2095 6717 4291 5926 2493 3403 5473 3531 6632 2103
46 3440 1769 1386 2996 9447 6347 4060 7569 6888 429 7724 2573 3518 5400 5829 4156 7715 908 7719 33 4089 8154 87 5661 1695 7340 6721 3801 2315 8028 6628 3085 2899 2453 6054 1087 9432 4285 1357 9649 2317 6679 9001 9828 617 7123
45 4115 862 2496 5608 528 6826 5925 1770 4315 6764 6550 5278 974 5036 9051 8591 6388 1358 8475 3343 4438 7210 7975 8643 2112 3337 5641 3140 155 146 2553 6139 2884 1995 5702 6011 5196 1939 7090 575 9782 5836 1099 4539 9784
39 5835 8394 6785 9202 6093 417 7060 6983 1505 8445 3716 9593 8159 2020 2878 3568 7431 4312 1382 7200 1616 8396 6058 6297 7198 9402 4155 5686 6907 4297 9900 7729 3474 5897 5410 2406 4184 9478 592
38 7674 811 6151 2557 276 4535 421 2966 9980 3411 7239 8609 5157 6919 9853 2707 4898 2590 8943 1206 2370 9187 7157 9008 7491 9390 802 418 2484 8425 2113 5617 2045 3252 2696 7160 4061 5065
43 3592 625 4944 5310 273 7232 8162 1715 9625 6622 9848 1767 5502 4652 9173 7706 7873 4284 8455 4379 6025 855 8422 9252 9617 7758 1469 7155 6963 9653 761 6468 6641 1513 5576 8157 7301 1731 8043 6921 7726 556 1875
46 701 5370 9692 286 8406 9052 9384 3367 5082 2058 1131 5916 6359 107 1194 3715 4334 4140 5647 868 4127 2325 5289 9303 4425 9464 7556 4756 2714 9297 6877 6417 8367 8704 8361 9373 1381 4848 7073 3542 1682 547 8640 7654 655 7722
58 9351 957 7175 4989 9104 8565 4769 1520 2736 4607 4123 7249 7176 9147 3722 3091 5010 8645 3037 1549 2788 9308 1676 9093 5055 8652 9760 5279 6719 4074 4748 2615 8762 8707 7129 9174 4056 4595 9512 1775 5902 6801 3977 3257 8647 8648 6631 8777 2422 8935 9476 7856 6028 6823 950 6806 1508 6207
43 6570 5233 9251 8717 5116 2253 9772 4001 4069 5218 1174 22 2477 576 8150 5119 8511 1526 5501 9654 5428 7712 5379 9931 8362 7053 1117 985 4070 9266 4670 4233 7137 2498 7810 7166 4437 5054 6633 3826 2215 9995 2157
57 2038 7633 7613 3665 5952 9441 1746 4238 89 598 2037 5940 6718 5542 5714 971 6221 3335 7751 6738 841 9327 5568 7876 5781 4153 7935 4914 7990 3879 6272 6591 7033 7126 6518 2227 6110 8271 8997 8869 6285 8785 728 2159 6101 296 2865 7220 3588 5459 5569 2067 8290 2349 2957 9827 3642
42 681 2993 2830 5837 4805 6497 5136 1704 220 9504 1487 185 8488 1411 8005 1620 3532 8603 5142 5070 5083 9372 2790 2724 3778 8066 2551 4551 245 7124 8401 1720 7350 1563 3666 5684 4563 9379 8160 2810 711 7577
27 3249 6152 8166 1139 8778 6027 2609 4597 3513 2613 2064 4457 2415 5770 2685 8538 8020 7962 6644 6315 8313 2702 7504 6131 433 2456 7399
40 9106 2452 8961 4166 7031 544 8885 5534 9190 2049 1740 5224 1750 7944 5506 2207 8013 8391 6386 6735 3723 6998 131 2740 6965 5186 5414 4029 2438 8428 2360 9953 4584 4381 7280 6308 1629 7854 4594 1289
34 5832 7704 9591 1421 8530 9139 7147 7408 1300 590 43 6309 1944 9725 177 6328 1602 7580 135 8215 1395 6674 603 9824 7893 917 8129 8139 7932 5614 4894 8030 4283 9680
40 5588 2297 5984 8415 2965 2036 6255 1913 6580 4076 7061 2266 5512 7916 5090 4178 2852 5080 1102 877 2666 5426 9560 3596 3432 7428 2988 4653 9693 272 8212 9357 7085 7736 2162 5765 4695 8353 1313 8387
27 6507 7995 68 7744 3744 8848 833 1000 8562 778 8248 8775 1721 6836 1856 1927 3325 1748 7366 1877 3111 4020 9517 1027 6240 4965 2994
43 3016 9371 8128 5583 3679 6936 1278 3811 1178 4084 9096 8108 3847 308 7768 7338 888 619 9889 8055 5578 2050 1460 3982 2389 3360 6846 8355 8190 3129 9525 853 7170 7092 8079 2117 6909 5599 2405 3661 4224 5044 1298
51 9392 4473 7760 1595 8386 1805 8017 4909 4311 2774 7847 3379 9281 2943 8808 4687 1371 9278 9694 2428 5220 9421 8295 7499 8497 7999 4847 478 2026 8300 9532 6987 1157 7254 1475 9945 7486 113 4993 6293 7644 5582 566 7518 2571 103 3226 9188 825 9860 4300
49 7138 8099 8407 6543 3775 3656 9408 5207 6351 3845 443 4082 2992 2439 3348 674 2310 5769 2538 8944 6138 8859 7645 1524 3127 9434 2944 5808 99 3616 2757 7514 4522 7218 4118 6039 9550 9503 7480 3910 9020 8058 2866 1881 5032 1601 5609 1473 7688
39 8598 6603 6720 1816 288 1964 1907 6767 3917 5670 9762 8460 7483 9220 358 400 257 9970 2760 6510 3543 7118 6945 5994 1171 2251 4258 4737 3567 7266 7182 9610 9691 1869 1930 7747 8314 2338 7527
46 9581 5354 1359 4632 4067 906 2535 9816 610 6703 1725 4289 7077 580 9060 3897 9647 744 6939 490 7684 9641 2997 6314 5362 7446 7548 3509 6158 284 267 2443 2784 1857 7128 9221 7411 1543 7677 8272 5780 8771 3472 9192 419 1199
43 820 6669 7781 2090 5973 7331 7026 8193 6504 2912 6312 8528 4229 7455 2799 6357 1349 546 636 6082 8639 7792 2560 3137 8200 8996 4059 4893 9471 3056 5060 7208 2460 763 5891 4022 9181 7789 637 5635 7533 9481 7364
44 2849 8546 9031 1437 457 3339 3781 9128 2506 5244 6278 8937 2346 3804 6990 5596 4387 2021 4575 670 2989 3229 2040 3563 6192 8007 8871 1783 7378 7673 2742 797 8342 2875 3712 5624 808 8770 6303 2467 3872 7066 9643 7540
36 4611 8315 2517 2713 4397 3258 5564 1779 1051 4219 7151 8820 1025 4933 734 8309 6670 2372 4373 2411 2070 7425 4572 4861 6682 9005 9125 4528 8853 7551 9579 8731 9697 1738 5991 1185
29 3187 7735 7855 5241 7611 2012 4480 3524 9150 2201 515 9235 7068 8659 9179 9311 1401 8109 8148 1068 8732 8291 3718 6870 6934 9493 5992 1328 9686
41 3353 4960 929 1038 2554 7481 2756 2048 1855 605 7016 2154 6112 4692 484 2403 9531 6630 8593 8939 1544 1103 9935 6743 6453 1832 8599 6940 2087 3690 3032 206 2336 7977 2294 9291 455 2264 8002 7805 1911
43 4967 6227 2202 9037 7695 2418 7752 850 6000 4718 7203 2295 7299 6167 150 9437 7693 5975 597 5068 3742 5282 5691 5840 1830 669 4434 633 2173 7578 6853 5977 591 9377 6053 1347 3614 5936 8068 5685 8402 2249 6835
29 6781 8502 9740 1893 3186 8711 2622 3644 5457 6978 2289 3234 3320 1096 642 7989 3382 7298 6156 1383 9103 5131 463 8098 7825 3365 5544 1699 351
38 295 482 3209 9136 8063 6348 6292 7054 4734 1802 7202 6572 6705 4374 4515 7007 7005 918 5095 1496 8999 2420 7241 1296 8729 5715 8962 2991 8203 9253 262 5813 6447 3589 7997 7422 3876 4915
51 2600 8372 7639 4236 551 3579 2693 5153 817 6910 4009 9258 221 5499 9238 4358 9133 1707 4083 7046 1688 3277 3058 6927 2859 8115 3010 8814 4743 6772 5565 2419 2663 2910 8186 646 8984 1463 6081 5364 3726 114 9766 4337 3207 2670 7424 6142 5561 7559 2388
40 7320 601 5967 1285 9492 3333 3921 9019 7295 2930 4104 2536 1028 8025 332 8067 9012 1056 4090 866 9024 9893 5567 8158 7181 1336 1426 1970 3017 8521 506 5319 9364 1900 3510 7125 20 4762 1295 3059
50 4891 9714 6956 6982 7011 5537 2399 3322 7161 2578 3557 2768 2680 9994 1081 5100 472 9973 59 8231 7589 6044 1461 4277 3525 4815 7546 101 1502 7023 8056 3372 2515 6346 2361 4198 8209 2579 2729 1978 1237 1626 9208 6901 31 4237 4461 5050 6279 3386
40 3660 671 4349 1712 7183 9732 1863 1059 8751 8693 9629 7621 7620 8630 4317 7238 1664 3853 8288 9626 2723 8868 5087 945 9682 8065 6848 9569 8556 1227 2834 9398 2119 1255 5432 8774 6587 4418 1864 8629
55 1111 9282 2698 9850 7015 2813 9227 4318 1822 4249 9974 238 5610 8012 2673 771 3420 5772 7316 1219 7450 1435 9862 8931 2877 8390 805 6345 5075 5718 1457 5268 9553 5098 1582 9614 9105 8570 2880 6194 6290 6420 6579 4012 5728 2844 6327 12 6762 3985 9358 7885 9431 6804 4087
34 6096 445 8607 8183 1807 450 6935 5112 3455 5210 6218 530 9425 2318 1610 4500 6847 5547 947 6492 5741 6387 4618 2023 1703 7862 5922 1586 8846 5870 5548 9293 9731 7593
39 6975 1817 280 8590 6928 7864 1499 1600 357 571 706 5 7572 8791 6389 4452 1777 2039 6590 3817 3846 4599 7150 914 9066 3184 481 5980 7632 6685 6529 1332 3933 9684 828 7048 948 3008 1653
56 4114 5262 7539 1365 5653 191 5462 2769 3763 6790 627 5102 6746 7361 1322 9183 8264 4348 9314 3176 9274 2654 5856 4204 8047 5818 527 2495 1650 986 6143 3807 782 8864 922 7757 4080 903 2364 4946 5631 5498 1180 3736 315 9013 4912 11 9450 891 396 5092 5970 1697 5551 2528
35 5254 3123 7642 9662 3361 8733 8327 7543 1220 4313 2280 718 8284 9081 5909 382 66 8982 7500 4187 6035 7547 8021 1501 4176 5225 7647 5725 2703 4590 9786 8360 7996 2630 9741
34 2584 175 7828 8404 5383 8447 9951 6493 1442 9967 8726 7359 3110 8889 2153 3453 4295 387 8278 909 1314 1771 7099 9232 1713 3605 2387 3499 1190 6199 5194 6004 1026 3793
39 2223 5500 1035 5149 1491 7979 7335 9352 8950 5226 8884 5783 8957 4722 7777 2450 9182 7240 902 7680 4110 7304 7062 5059 6171 38 3055 3981 729 5104 6365 6323 5013 398 9528 307 944 4859 5140
48 9145 1577 4501 6416 4622 5086 5144 9027 208 6816 3114 9864 4472 2513 6574 1168 9502 2826 4919 1467 7276 9716 815 8175 2658 3814 5239 4310 2488 3371 1291 829 1561 9926 118 2503 2987 8433 8811 2537 9542 9244 3083 578 2530 4014 5707 6051
46 2870 5057 1568 6980 1247 7496 3302 896 3953 5713 784 4627 8756 8093 2744 3427 4341 6872 1431 8224 4431 3955 1490 6026 7172 2181 4752 4513 921 3862 723 3699 8838 8243 7717 4287 7788 3993 205 5736 9650 2561 4111 277 9204 85
42 5371 5798 3288 8207 656 9131 6699 3855 7109 1390 2167 5390 8441 7142 8262 3481 4691 5023 3078 7925 4443 510 4617 9002 305 3152 8597 1511 9040 8034 5651 4133 7506 1078 317 856 1316 453 1015 6755 8819 7187
27 8172 1660 994 7343 2330 5966 5345 9699 9224 3844 3620 8237 9292 8758 5154 4143 4924 6505 2192 8767 7905 1297 632 5560 9713 5559 1967
37 6056 602 4759 1677 9229 4394 7840 8641 4885 5071 7784 5904 4857 6914 2062 5027 4761 9729 4934 4085 905 6964 3342 7786 8557 5735 5824 8179 7523 9032 4571 6745 2311 7100 937 2254 960
49 3448 4077 9506 9123 1016 6123 3783 7691 745 7441 9350 200 1897 2001 8483 1545 5384 3637 3797 4168 6224 4136 2923 9628 5200 799 2500 5820 1453 5924 5692 9929 6775 72 3967 4854 8181 458 139 1617 8359 6917 8622 5536 7553 7839 2786 6301 3116
42 7851 6891 5673 9443 1191 3833 9584 8026 736 6234 6177 1260 6876 7541 6160 790 886 353 4591 5137 9222 924 4546 5067 1070 6930 5487 7447 9875 8822 6107 7193 757 4620 2619 6534 8994 3196 1705 2516 7852 6947
44 6430 5777 6257 5516 4710 952 5949 7430 1760 1373 8746 1542 5159 1427 7330 7743 8917 4497 4892 9466 5073 2413 3983 2869 982 9570 9169 5385 2974 3012 562 2455 3526 3996 7354 6086 5402 5805 2942 2907 3829 3634 2149 8311
36 6340 395 436 5941 4214 2570 1745 7367 5724 1257 8266 964 3556 1836 9808 8783 2720 5259 7001 9844 231 3026 270 6048 5627 5573 8804 9801 7685 9859 699 1479 4631 9759 9934 7050
34 9822 6424 9155 3827 275 7984 9635 1407 8890 2746 8418 2569 970 420 1493 2610 8821 2998 3065 210 7515 494 4623 5003 6792 424 807 7095 6984 3613 2248 7926 9968 1793
38 6885 2636 6214 5209 6382 434 4697 1138 8201 8365 8873 5223 203 8089 4401 1867 1292 2219 4610 8336 9487 8571 9985 672 3965 1432 9206 9306 6986 5341 6541 5101 4961 9679 4532 7741 6625 3708
49 7849 7883 8152 4568 2000 3149 4217 1422 3442 5416 1203 8790 996 4524 901 3770 4521 3167 1226 881 9821 5869 5817 406 5152 1142 9595 2888 2130 1156 17 8171 100 3569 3395 4220 2002 1362 3087 8344 8252 942 2953 5812 5391 5711 4895 3719 5789
43 2717 1587 8039 2335 6046 3951 7084 3009 4192 8421 5796 1414 3741 8673 5556 2679 980 615 5530 3546 8245 6287 2808 4633 9283 2972 834 9779 5636 6589 7067 5929 5656 6196 2476 7567 4267 8606 6783 5471 8891 5489 1991
44 3425 8090 4469 5130 1896 2793 5903 1751 479 1275 1926 9836 8936 7992 3275 7086 8865 8050 9546 4350 9753 1352 7146 984 8529 2692 7676 9567 5415 7083 279 8048 1388 3591 4409 1374 9112 6059 8376 8895 3668 3072 9163 7820
43 4904 5645 8669 6897 548 4503 9646 2228 170 2145 1597 5598 5680 9907 2873 7952 4183 941 6752 4950 6615 9338 6675 4864 6015 2558 143 3920 7069 354 1941 4086 5338 4971 4484 2588 8169 4270 737 4615 7386 4811 4526
46 3183 4322 7901 5557 8432 5528 6294 5511 4239 2469 9817 7416 1241 4248 4948 9961 2591 1245 4874 3018 7105 7815 9812 4223 2255 5442 259 4851 3971 1910 3248 3414 1043 3052 4731 3165 2566 316 1974 3352 2667 7616 1071 5859 9558 5453
35 3190 2182 4796 8170 4481 1036 2472 9079 9612 8471 5436 1689 6361 8627 6114 4602 2546 3674 3458 7700 6170 505 6249 9896 9195 9663 3230 7987 5657 1800 8298 119 6810 5674 5921
39 7643 1377 3640 5127 1152 1123 4018 6822 1236 4724 8876 8974 620 3925 7466 4564 2656 7949 2589 585 2151 2060 9295 4493 9085 6691 6132 6219 8430 6592 3133 2856 3447 5120 37 3045 7094 749 1634
48 187 4071 6796 8903 2836 2482 2599 8282 3410 404 931 6794 7464 3802 6523 1039 8358 7284 8191 8552 2276 2818 8509 7696 9091 4213 5299 1221 9507 4232 9387 7635 5708 864 201 3294 1506 5155 3586 8088 2046 1594 4138 4702 9094 2678 6576 5193
39 9053 1965 9858 4392 6600 5632 4442 5456 3266 3292 6868 2519 5052 3326 7296 1735 7671 9818 1233 7328 2643 3290 1320 8035 512 5775 3602 3263 1084 7716 1755 4013 5381 2978 2302 8768 8683 3555 7207
28 9058 8849 2146 4662 4066 5503 7402 7120 8875 8624 4137 8620 6747 4385 3544 4831 1406 2326 6786 2593 4496 440 8444 4209 9063 2896 6371 4881
36 2995 2851 8057 8545 3492 766 9568 5031 3932 9956 60 4053 1276 3537 9540 3205 2745 3439 2176 3791 4021 2913 2044 709 9458 6182 7346 6696 8780 7795 8087 3928 4738 5773 6900 6031
37 8980 4949 27 9117 8399 915 2005 4006 4777 7790 6844 9856 5188 9599 5314 6318 9703 2897 2416 1483 5048 6208 3747 958 1887 335 6336 1286 9920 342 3900 3206 7140 4613 8596 3664 2273
44 6130 1109 9594 1143 3169 9257 5751 5128 3735 1737 2775 232 8410 7526 117 7629 8123 2286 3794 1723 7983 7560 3124 331 3849 1439 6432 6621 1781 755 9706 7357 9518 6020 7646 4928 4675 6465 6076 9878 2709 7968 9505 936
42 389 6791 1573 8568 1062 7014 7581 2252 3139 5868 7728 4093 7878 4395 6652 1306 2179 2843 7812 313 3670 3490 5854 7509 9367 9400 884 241 1246 6195 7956 3307 5709 195 8576 5819 8219 6184 8986 6271 4956 7021
46 7678 8551 4634 4803 4650 8438 2640 6516 3122 8992 5682 4486 6902 6817 380 266 3675 9203 1188 4448 559 5356 2653 4509 2447 7292 9671 801 1684 6528 148 7372 3617 7686 9479 6254 7139 2796 1580 344 9134 9080 3840 2620 6639 1177
38 5455 2417 1752 9826 7793 1556 49 5553 9273 3323 8714 7957 289 5883 2138 1004 9006 6084 4958 5189 5603 3449 4343 213 4776 1351 3253 7783 9009 3864 8010 6702 172 3345 2985 9015 2134 8805
38 3516 5030 7606 9992 3643 5612 3405 7144 7286 7327 7891 2908 8349 2274 871 7419 9056 7503 8907 8734 292 6085 6352 6129 2903 4862 6220 9757 4378 6223 8029 355 9597 2580 2073 9841 1397 1921
27 7318 7584 7822 4751 3260 9891 9130 1197 9520 294 785 6125 81 236 7538 4040 3364 7767 3431 384 5694 2034 180 3378 7963 657 6067
52 691 666 612 5756 2785 6635 3694 7230 2239 4716 4286 8681 2057 2840 8564 7467 7915 4478 9491 9854 8723 4559 7135 5311 8214 2857 92 5848 643 7044 2193 2475 1050 4094 2333 3776 8839 3973 5363 9449 1570 9602 4265 7666 4366 2398 6356 9748 5591 9802 7911 6202
27 2150 4189 8246 9755 4896 2221 5522 216 2687 3984 3429 5045 878 3456 5874 1552 6624 3437 4814 3740 226 2690 4987 162 6316 9905 9881
37 3883 7186 6062 5492 6556 9777 7865 3019 319 3103 8001 1883 6690 7942 4047 7771 7377 4952 6882 8482 96 5026 7836 3043 7189 7079 5655 5927 9396 8612 1438 6981 5016 9847 6173 5033 5486
43 7080 6638 3701 6664 3618 6748 1554 6073 7637 5368 1547 5323 541 8577 9986 4465 9149 8206 1423 8628 4945 6707 6814 564 1145 214 5378 6924 6724 5602 7945 1982 9514 2883 8542 2626 7463 8830 6442 1533 4767 6730 2288
27 2863 4447 7494 1113 6482 5171 7468 6711 5366 7472 1104 264 3837 3089 5754 1945 7302 5792 783 44 8803 9947 7223 8978 870 6264 8694
42 8725 9988 2563 2847 6578 3575 1192 69 9286 9120 1776 8966 9874 6262 6452 8834 6686 9939 5439 1098 8147 6672 3273 2184 4658 2977 7258 6321 2951 1088 4725 4491 2733 1478 2363 8716 8818 3237 4666 1266 8559 8164
45 9738 1999 138 8400 4802 1429 2236 3332 473 9975 3904 6854 9554 2303 1555 5397 4856 360 4582 9809 1962 3974 9334 2970 4177 3535 8519 3790 608 8856 1159 8064 7565 1979 3823 2285 1878 3112 2104 7508 6052 6161 2814 7063 5738
43 9832 7148 773 8339 502 874 7516 9984 4 432 2747 1923 795 4030 5353 3905 1759 4247 3865 3330 1747 1097 4603 4167 4146 4955 1973 2270 7563 6875 9237 1569 9298 7303 1811 1375 4490 2938 192 2776 7362 3334 2480
55 4467 1408 1925 8440 7395 5886 5113 2512 3867 5483 4046 2752 1239 1969 791 2920 3573 356 2689 8493 323 5659 5297 3286 911 403 1489 6429 8185 6749 6006 5695 1736 8867 5688 6760 1741 6394 1901 5745 6118 890 6805 7512 5286 9277 5261 2819 4479 8244 9422 9916 1540 8180 6405
39 9861 3075 5388 3693 8080 5545 7982 2971 7707 4200 397 9302 9121 9456 4969 9892 1149 1730 9976 8573 2705 6368 1972 2657 2730 4226 1413 6611 7221 5340 742 7940 181 6136 7738 8061 6068 1727 4516
33 5604 4661 2163 3076 4474 281 1024 7579 304 1293 8178 2918 402 2762 2136 3604 123 3368 4986 4161 5072 6841 492 3047 5037 8702 7943 6771 8928 4512 836 8715 470
42 9151 6808 1466 7566 6245 8003 3172 5566 8074 2914 5251 5726 2106 91 7872 7227 4205 6547 7405 3654 8042 3191 8347 5249 1436 237 1701 3502 1936 7167 5076 6850 6087 1400 8 28 6834 1953 7687 5571 41 624
46 5959 654 6879 8740 5908 8781 7636 3764 2468 3079 1784 4048 2917 6162 3304 6795 5407 7268 5412 301 3416 5417 1530 9453 6134 3102 7127 2362 8525 7434 5753 7892 8789 4908 4042 4517 8077 6798 2268 3024 4940 9330 7655 7471 2497 9138
46 2758 5062 2091 3460 7694 6363 7798 6973 7575 1985 3610 4639 8679 2238 7675 2142 4640 4325 5235 5523 648 7387 2780 1303 8752 2576 6892 1858 2929 5750 9946 4159 6894 1356 8806 1274 8045 9924 787 3936 5344 2737 2925 4605 4916 6090
39 1566 78 2652 5326 9288 4797 9695 446 6231 4415 5968 4655 6421 4314 1133 4264 8689 1749 2763 3494 9158 7612 4420 3061 7882 9011 9776 9715 4426 2437 7376 2250 1714 4380 8619 6149 2879 9768 3232
41 5876 3387 1753 9360 9243 9336 2649 5185 7890 6563 2144 3755 3881 2710 164 7317 8036 1064 1132 6276 7213 3284 9845 1029 1963 7859 3495 1606 9674 5399 244 2650 9271 770 25 4416 3157 3988 287 8092 8307
40 1134 4804 1415 8934 6765 6925 6275 3707 678 3318 2258 1996 513 8532 2984 4011 2683 7586 1706 5662 7622 4470 5422 6938 4498 8817 9656 6855 5710 8127 2612 3838 4850 7601 978 7121 1396 1361 677 6722
42 1711 8896 8523 1040 5069 702 7638 8566 5895 6410 2555 8176 8968 9533 6538 3185 1871 5900 4158 7727 4844 9247 2502 3136 6337 4240 2292 1341 4865 4389 9922 6381 3964 9086 9305 4449 2824 3979 4699 8585 4422 5779
52 6812 3611 4246 9200 7689 2876 9039 8833 684 3118 1165 1055 7110 4621 6744 8292 7869 2624 3069 6606 3336 3986 1166 1630 67 4147 8661 3415 430 4713 274 5982 7750 7733 6905 1231 1702 4301 9386 4225 3874 2089 898 9523 7683 240 8750 3168 3161 1327 1345 1773
29 156 586 13 3968 1734 554 5865 2801 7349 1032 6256 7257 8623 1557 76 8844 6948 6646 1829 3034 6706 5958 7510 9144 3282 668 5011 9036 8632
29 8019 4974 5336 1196 7173 2916 8507 9043 7104 1046 2114 4819 5242 8023 6526 3142 7226 8069 29 897 1966 5558 8779 3214 4683 6320 5361 3870 2681
45 1179 8786 9284 9445 3782 1768 5237 2350 291 9268 8615 2401 4817 8257 385 7379 1299 1167 1253 8004 3784 9126 5687 392 8617 3134 2817 7898 1073 6443 2131 5620 9541 3497 4242 9879 6694 6926 5776 1337 6704 447 9154 4576 4901
43 1434 9413 9925 1938 6557 5944 5595 1842 2777 6970 5115 3992 5020 4677 3731 6519 6676 2748 209 311 3465 4190 4588 9339 1083 2183 6989 4990 8505 7554 4667 5800 4676 6565 1047 2245 3805 6739 2272 5165 3966 1184 6942
49 6198 4078 8644 3929 8431 6889 7699 6445 82 3238 7381 8649 5074 5355 4396 6666 4062 1986 9910 5169 8616 2066 5974 198 1968 8329 6448 5956 1918 8196 7570 3162 4911 5572 2490 46 4269 1234 5004 9744 8323 9572 1254 1181 6181 4540 8443 8096 9914
40 2440 2265 7946 6729 4807 1924 6623 1862 968 8261 5117 1562 35 930 9315 939 7369 1525 1895 3912 4370 6225 8352 3730 6176 1885 4414 1613 2231 4541 5931 2787 4308 9108 8308 5787 9018 8879 4712 5987
41 6613 4760 3581 3551 6610 7871 5077 487 5669 3866 4926 4195 1430 2782 7117 8478 3803 7392 5911 6708 4579 1402 4985 9256 337 3389 5730 9119 7912 8703 4333 4210 880 1108 8343 8695 8979 6305 3120 5507 4502
48 3039 9601 558 1833 4170 5206 5472 6003 659 9636 1380 3347 589 5693 3033 6036 6057 2470 5510 9442 1792 6412 9793 5352 2121 4583 9448 7344 9823 9276 9405 2271 8608 5034 3029 6095 1922 8508 932 3909 4973 2572 501 7002 3305 3422 7641 4659
44 6440 8141 8946 7132 90 1425 4701 9756 2 3746 9095 7845 9322 7773 243 2601 3785 2068 4657 9300 428 3199 2761 8883 7307 3641 52 716 247 5038 6759 2941 4786 7325 5676 9275 3980 6467 7055 3311 4998 8548 8268 5227
33 5266 3590 2414 8364 8205 7235 5889 9743 1186 1976 3212 2882 2581 7778 9209 7889 2407 3193 2839 2164 3773 3077 5762 9722 7501 6583 8685 6022 7154 9805 5747 2902 2099
52 1666 7324 5041 34 7922 6474 3268 3 2343 7383 1217 7974 4795 8958 883 1012 8251 9451 468 1317 525 5514 995 161 4440 6997 8437 4092 1176 7288 6072 8461 2133 7961 8379 3732 9807 9171 5788 8357 2934 9318 1447 2483 3438 1281 4995 7930 3197 9987 1891 7903
39 3042 5334 8969 6250 2396 3177 4005 4393 2129 6522 4145 204 1074 7305 5440 6238 832 8384 1146 254 4700 2798 7834 1906 7823 5164 4206 9834 1663 7224 2284 8929 6478 3219 6688 516 378 574 6266
32 5679 4768 8468 3856 8143 928 6756 794 4193 3215 2132 3105 3228 673 4288 844 3108 3978 7829 2592 9083 3809 959 3223 8456 6858 5538 889 1975 3663 8225 6055
40 9475 327 9435 5325 6475 4099 5387 676 504 7607 4307 7513 1127 8398 9231 7415 4124 5413 1158 3603 2408 2080 6137 4371 9707 5040 8420 2684 370 179 8457 2621 4968 1287 6169 9003 4643 9404 8465 2507
36 2368 102 3236 9194 6154 182 5997 8829 1325 4715 5258 6681 1575 3836 555 9055 8442 365 1368 3489 6562 4017 7275 6648 1870 339 5833 1137 1535 3067 9409 887 2356 1687 7445 1716
56 8854 962 1472 8184 8653 4338 5934 3383 1772 9751 5148 2339 8526 2298 8494 2853 3821 9660 409 5293 3166 2055 715 2891 1585 1935 8722 6601 1621 4637 4421 5505 9717 5419 3885 5554 4399 4837 8496 176 8452 1476 6700 1208 3990 9176 4326 4108 4984 4820 9423 9615 9580 2532 362 3006
36 45 9141 9890 7229 3832 596 6683 9460 8971 5852 5451 3132 9800 1094 6426 4332 5978 4727 1403 5899 6487 3261 8138 4606 6458 4920 1481 6241 2597 1061 8788 2807 2556 8631 8114 8395
50 7245 9211 3720 9727 7708 8073 5914 4870 8547 1398 2051 6995 1515 8933 3001 9394 662 6979 4444 9499 6037 4262 7037 2100 9983 5292 6378 9 1452 2982 8713 86 9483 5643 8921 1619 4982 1384 6126 8738 9374 1311 4222 8810 2779 4827 2634 2783 9958 3227
47 6428 3636 570 3384 3179 128 1860 8083 5460 3757 6481 6464 9537 8320 5435 679 1932 3182 1541 8249 5704 4542 7190 8131 5488 2682 5450 7112 4598 1719 9588 2287 2708 8667 5331 5393 7879 1058 6568 1200 2196 2210 1728 2094 1559 3913 8816
37 5634 1764 6319 2803 3878 9632 4455 663 9548 7122 4290 7766 310 5395 5504 7058 8051 14 263 4406 613 3329 6527 9749 5103 6571 9972 349 1841 8955 2393 8736 6960 8412 1212 8670 9577
44 4172 9111 7313 4922 8366 687 3471 6168 1835 5855 1758 8277 7667 7842 7347 5312 8458 9921 753 4435 9501 4578 1308 9325 4027 9427 9077 7881 6789 6896 8719 7452 9950 7618 1378 4196 7413 480 9474 3218 2431 2668 7908 1637
40 8103 7277 4616 5049 8177 330 7042 3373 7528 7988 8897 499 927 4263 4736 5265 8348 1517 3370 3574 650 2886 8303 2898 1844 658 4211 7420 8467 2377 6489 7619 4741 818 634 5985 509 1798 1851 4037
44 8033 9191 4182 1387 3316 350 9804 4966 7985 6379 4096 8006 8913 2637 435 4589 4194 8993 4031 3262 5584 6183 6813 2699 6763 838 6414 7656 4112 6802 6466 7813 2754 8107 7017 5518 9657 1031 6273 4510 4450 3859 6673 7938
44 2772 5465 3562 816 626 7115 6959 8851 3385 9042 3762 779 9515 5896 1340 8553 1810 5425 1693 2646 6800 6033 9110 7195 7043 5093 1494 95 7558 9323 7365 4305 8156 3638 5853 4173 5190 3374 8197 8782 1820 1079 1150 4866
48 2922 5046 9960 2765 1125 7787 9685 5129 460 3295 9428 5051 6485 5744 6500 6634 3541 1151 9059 4004 8469 9317 5474 9871 8721 55 2675 1873 5732 2324 2226 3927 5187 7433 9473 9516 5893 3189 6108 7306 9524 1518 6828 2170 8792 2123 212 3107
50 5454 1826 3815 2766 523 8654 3051 8503 3698 5696 2430 9761 8575 4530 7087 5348 7412 3297 9310 3780 943 2960 6069 9750 8536 567 5198 5947 5485 5001 756 9509 4604 5444 9644 9269 9843 5933 7827 4651 7498 857 9978 894 8893 9164 9869 8392 7887 6491
34 2234 1574 2823 1204 2583 2263 2940 2003 7742 1267 2633 3380 1264 6322 8651 343 5683 6395 9936 5862 7670 7919 5230 369 7255 4154 9638 4913 4352 5365 9882 6088 7936 3767
45 2446 3216 1846 3533 256 2479 2013 1441 4323 5079 3151 3647 9084 2542 7291 7484 2030 1329 7928 6449 5219 7948 5716 8124 9673 5746 5539 9711 7669 6825 2669 459 197 9069 77 5950 3092 4698 1550 4353 3956 3918 5007 5392 9700
50 3060 8595 7179 1067 1818 6961 9669 6283 2085 1659 9549 3667 8569 3854 6446 3830 9393 5969 5183 8211 7709 3835 4201 521 822 2606 6878 5664 3220 2704 8560 4365 1173 5531 1645 5733 6247 2641 8059 3627 8763 3713 8363 439 3583 9765 8941 9918 5240 7917
54 6599 8232 9328 1831 810 6890 5794 7244 1756 4186 2664 7931 9870 3388 7374 4241 6263 6856 3484 7082 3392 9952 6976 9007 6018 8446 2617 4477 4424 9810 8614 9981 7410 8259 8580 4253 4849 4810 1827 7339 1628 4979 754 8535 6251 9788 5526 2008 368 5621 2594 9296 537 2894
31 2734 4523 7914 993 94 9718 1956 1531 6754 6032 7116 3164 9462 4278 9955 4975 1256 5175 6213 3584 412 777 376 4471 2821 2806 4208 5145 735 9388 4832
35 7759 9014 7382 3235 3907 1631 9489 1592 7866 4672 4185 5401 6472 8677 7000 5124 4100 3894 5006 367 9262 4404 8692 727 1902 708 4403 8104 5234 9637 2927 3930 9143 843 6524
38 6261 577 6770 1330 5156 7648 6620 4386 5182 7180 15 1095 8634 8798 6793 2846 4641 2511 3989 1852 7336 7924 5880 211 5272 8459 9566 8405 4296 1112 5764 218 1305 9023 3540 4625 8618 4361
53 2098 4852 3704 7096 4766 5475 2069 4068 6402 3278 9702 7986 5308 5860 740 9665 9585 8737 8920 9880 9675 720 3194 7958 1920 4179 9287 8650 3063 7725 3684 4280 8688 8764 1169 3571 2299 4812 3245 1164 6071 2461 622 1782 7659 9661 7583 1270 8240 2016 6017 233 3818
38 333 3922 2156 1512 6671 8125 5197 8134 2042 7323 462 7149 3281 5875 7356 8377 4044 4889 7745 6824 4792 21 5600 1661 1458 981 5622 2312 6617 4321 9316 1155 9433 8682 3138 3366 1739 3810
48 7590 9180 3902 5097 5245 8952 4169 1909 9933 7976 7625 7436 6658 173 6274 8793 1564 3548 8832 2004 9118 4813 3942 6418 5943 6075 1876 6120 9867 4806 9028 6913 3200 4463 149 3687 2885 486 1762 2749 9045 4518 5618 5915 764 7315 7215 3595
44 493 4398 2381 2351 9747 3264 8234 5313 4867 5525 4553 3203 3520 4117 6230 4432 110 9908 8222 6585 5890 249 3028 4839 4113 6009 5628 7040 6958 1823 7710 4778 3792 9102 9775 7389 1318 752 2778 7791 6153 4580 9723 120
40 5260 1808 1030 839 8227 4996 8797 5815 9219 1124 6313 1042 3225 174 1420 6163 4489 6098 6809 5346 6439 5827 5541 3204 2379 2344 988 3861 9623 1005 7287 3998 1022 5712 4354 4256 265 8898 6441 647
46 6933 934 4801 688 1312 3534 7329 5134 9966 6237 3623 593 9097 4730 4673 5302 1310 1971 4272 9835 532 4344 228 2314 6063 7290 2171 8601 9098 8757 2174 3358 9631 3943 1937 1943 3274 8776 4058 8589 6498 6732 6546 6537 9799 973
52 2635 8544 4764 9446 7030 2241 6461 3630 8513 2244 5109 5585 7482 4175 163 572 134 80 8256 5301 1120 2260 2986 2647 258 8435 4601 4779 7493 3753 2508 2564 7314 4853 5179 4781 6514 4234 7913 3593 3022 7998 3706 9667 6201 7923 127 2616 3101 8784 3188 6014
39 1785 746 8698 9440 405 314 4951 9522 9033 8584 3949 1998 4356 1485 8687 5976 1089 1218 1516 9526 7334 2188 2397 4696 1128 6508 8886 3944 8761 751 30 2125 6539 5697 1284 6165 3725 6342 8922
32 1959 3873 3860 5917 2715 4957 9076 2841 309 4408 7158 6049 4520 7816 345 3464 6060 7588 4351 604 7763 4328 6714 8210 5081 8133 2229 3276 3007 6608 6066 4600
41 9670 3709 3265 8504 2332 3772 2384 3259 3291 4983 7406 2301 7800 4116 4483 4612 225 3893 6253 4160 6895 2237 583 1940 6144 5339 6852 7465 50 1527 8192 7119 7770 9642 4561 6883 788 6969 5204 9343 75
42 2139 3145 1187 7205 4057 4773 9470 5377 2391 9223 93 5587 4251 8040 1269 1849 4941 7802 6191 7525 6454 8842 8436 4340 3512 2327 2029 3244 9701 5047 7507 1984 4007 3270 7204 4324 8485 312 2427 3351 8660 7796
49 2854 5014 724 750 3496 8657 8710 5740 4091 5675 9459 2526 9899 3412 1917 9461 3195 5253 261 1011 972 9529 7345 9332 3131 7404 5118 9233 4148 318 8860 8534 3327 9783 9911 5094 3935 4626 3154 2340 7440 7505 8672 1947 9586 8487 8265 9255 5666
46 2603 5482 3511 7545 4259 7458 8745 9378 9397 4629 5797 1804 9362 8517 3678 9178 2320 2802 4281 9412 5963 5972 5752 9122 388 4800 8155 6307 774 4876 7971 3658 3053 442 9353 573 9613 4981 2904 5667 2895 3106 2386 1954 2611 5723
46 8450 1048 5703 9538 7222 9913 3972 7421 738 3703 456 1865 7489 2674 1657 6944 6236 6277 2457 5322 7875 5350 5847 9135 3759 5962 1905 2939 6991 6127 5283 4427 8888 6548 1497 8302 1786 1981 6503 3041 796 7029 8743 7806 2936 6164
50 7833 4065 8724 5147 6668 9820 5938 1014 6092 7020 8053 5005 6551 9943 9186 5802 3340 51 2230 9375 6862 3020 9249 8855 916 2014 5427 863 7012 7587 5842 4482 1578 599 8280 137 7967 8902 2478 1509 3607 8959 4714 966 3857 1690 5988 7341 4188 5885
43 4506 7653 9872 8299 1539 8870 271 8586 2169 9745 9795 5639 4003 8680 1304 5490 5429 1419 4293 2887 6456 8801 133 1642 1135 1063 361 9197 9794 4149 9999 7628 2662 7780 9938 2102 4075 2025 5294 3547 9912 6159 3467
40 835 42 804 9157 9166 3899 3519 8464 8239 3997 3871 4809 2562 1532 6344 8668 872 2116 7701 9279 2082 9902 1662 6502 2032 2979 8041 7168 8086 5494 9519 6391 542 9536 6899 1812 5275 5002 8887 3399
48 9997 1579 7256 3756 2607 5939 1021 4279 540 7279 4834 4391 1604 5478 6007 9153 7955 8815 9651 4081 3963 5758 3662 5590 830 8847 4162 1931 5246 154 2932 9114 5814 5452 372 7754 6782 9886 1815 616 5430 65 6189 824 6830 7165 1990 9510
50 2820 2209 5552 8561 2086 698 8927 8592 3312 9606 6030 1175 3036 4304 9622 7960 5700 5879 2124 5290 9739 7860 6716 8140 3180 9424 7681 7626 1195 1950 538 3408 326 1006 3738 725 7933 5316 9508 2732 5408 4320 2862 2088 2911 8583 9544 2952 8194 722
54 3117 152 9038 1348 6640 8481 6258 6117 9416 2147 7259 8285 4828 5396 1354 5343 2892 6515 8877 4504 4101 1163 5018 1034 4992 8826 1223 9763 8901 2527 8373 6180 2485 297 5810 8900 7495 4972 2861 9234 4216 3750 1232 1912 1183 6661 9620 4936 415 5285 8744 6680 2296 7502
37 7136 7576 8472 4433 6200 9075 1205 7698 7969 1560 7598 2337 9704 7785 7429 8512 189 680 3941 8787 9616 1122 4693 5825 2521 8230 5421 1355 5892 8923 661 3081 9124 9865 6577 641 5398
42 5831 4935 4574 2795 144 1410 9592 1465 7603 629 8046 6554 2053 5166 9467 1258 9240 689 8182 3313 7036 569 6252 5411 6665 4180 2973 8378 2187 3418 7236 3068 1240 4863 1008 1153 3947 3062 4135 4419 6121 849
36 2921 2586 1641 8730 4765 3919 8906 879 408 7022 6553 6331 8477 907 7459 6457 4829 278 3939 1224 3822 4016 5288 3397 2486 4038 2065 8520 7517 6495 1105 4257 5481 2968 2809 6133
50 2822 719 9888 8085 1942 9589 7475 5898 3914 3682 2755 8273 4573 4567 8381 690 4487 5406 1609 1694 5509 3402 71 9068 3321 6594 2466 3799 9469 3890 4704 1743 6736 3916 8408 7895 1669 3424 6797 6532 806 4947 1464 4552 8236 7772 7608 5562 6179 496
57 5954 7418 4141 7609 476 3765 9785 5263 5658 2352 6766 8970 5424 3587 1888 9415 9267 1370 3254 7651 413 1309 2052 4028 2935 8611 5828 3686 1249 3271 693 1571 7206 414 248 3737 508 4991 7634 2676 963 3995 4505 7228 7074 6499 3450 4412 4274 9438 4268 8539 9410 2007 7049 3517 969
28 3160 3256 7047 6265 7529 3324 3659 6407 1080 2242 9490 2743 9326 8242 2341 64 759 992 7826 9965 7530 5250 7902 8084 7106 7435 5960 6094
0
0
0
0
0
0
0
0
0
0
0
0
0
0
0
0
0
0
0
0
0
0
0
0
0
0
0
0
0
0
0
0
0
0
0
0
0
0
0
0
0
0
0
0
0
0
0
0
0
0
0
0
0
0
0
0
0
0
0
0
0
0
0
0
0
0
0
0
0
0
0
0
0
0
0
0
0
0
0
0
0
0
0
0
0
0
0
0
0
0
0